running egg_info
creating ../../build/ur_py_control/ur_py_control.egg-info
writing ../../build/ur_py_control/ur_py_control.egg-info/PKG-INFO
writing dependency_links to ../../build/ur_py_control/ur_py_control.egg-info/dependency_links.txt
writing entry points to ../../build/ur_py_control/ur_py_control.egg-info/entry_points.txt
writing requirements to ../../build/ur_py_control/ur_py_control.egg-info/requires.txt
writing top-level names to ../../build/ur_py_control/ur_py_control.egg-info/top_level.txt
writing manifest file '../../build/ur_py_control/ur_py_control.egg-info/SOURCES.txt'
reading manifest file '../../build/ur_py_control/ur_py_control.egg-info/SOURCES.txt'
writing manifest file '../../build/ur_py_control/ur_py_control.egg-info/SOURCES.txt'
running build
running build_py
creating /root/Shared/moveit_ws/build/ur_py_control/build
creating /root/Shared/moveit_ws/build/ur_py_control/build/lib
creating /root/Shared/moveit_ws/build/ur_py_control/build/lib/ur_py_control
copying ur_py_control/publisher_joint_trajectory_controller.py -> /root/Shared/moveit_ws/build/ur_py_control/build/lib/ur_py_control
copying ur_py_control/__init__.py -> /root/Shared/moveit_ws/build/ur_py_control/build/lib/ur_py_control
copying ur_py_control/publisher_joint_trajectory_controller_IK.py -> /root/Shared/moveit_ws/build/ur_py_control/build/lib/ur_py_control
copying ur_py_control/show_joint_states.py -> /root/Shared/moveit_ws/build/ur_py_control/build/lib/ur_py_control
running install
running install_lib
creating /root/Shared/moveit_ws/install/ur_py_control/lib/python3.12/site-packages/ur_py_control
copying /root/Shared/moveit_ws/build/ur_py_control/build/lib/ur_py_control/publisher_joint_trajectory_controller.py -> /root/Shared/moveit_ws/install/ur_py_control/lib/python3.12/site-packages/ur_py_control
copying /root/Shared/moveit_ws/build/ur_py_control/build/lib/ur_py_control/__init__.py -> /root/Shared/moveit_ws/install/ur_py_control/lib/python3.12/site-packages/ur_py_control
copying /root/Shared/moveit_ws/build/ur_py_control/build/lib/ur_py_control/publisher_joint_trajectory_controller_IK.py -> /root/Shared/moveit_ws/install/ur_py_control/lib/python3.12/site-packages/ur_py_control
copying /root/Shared/moveit_ws/build/ur_py_control/build/lib/ur_py_control/show_joint_states.py -> /root/Shared/moveit_ws/install/ur_py_control/lib/python3.12/site-packages/ur_py_control
byte-compiling /root/Shared/moveit_ws/install/ur_py_control/lib/python3.12/site-packages/ur_py_control/publisher_joint_trajectory_controller.py to publisher_joint_trajectory_controller.cpython-312.pyc
byte-compiling /root/Shared/moveit_ws/install/ur_py_control/lib/python3.12/site-packages/ur_py_control/__init__.py to __init__.cpython-312.pyc
byte-compiling /root/Shared/moveit_ws/install/ur_py_control/lib/python3.12/site-packages/ur_py_control/publisher_joint_trajectory_controller_IK.py to publisher_joint_trajectory_controller_IK.cpython-312.pyc
byte-compiling /root/Shared/moveit_ws/install/ur_py_control/lib/python3.12/site-packages/ur_py_control/show_joint_states.py to show_joint_states.cpython-312.pyc
running install_data
creating /root/Shared/moveit_ws/install/ur_py_control/share/ament_index
creating /root/Shared/moveit_ws/install/ur_py_control/share/ament_index/resource_index
creating /root/Shared/moveit_ws/install/ur_py_control/share/ament_index/resource_index/packages
copying resource/ur_py_control -> /root/Shared/moveit_ws/install/ur_py_control/share/ament_index/resource_index/packages
copying package.xml -> /root/Shared/moveit_ws/install/ur_py_control/share/ur_py_control
copying launch/joint_trajectory_controller.launch.py -> /root/Shared/moveit_ws/install/ur_py_control/share/ur_py_control
copying launch/joint_trajectory_controller_IK.launch.py -> /root/Shared/moveit_ws/install/ur_py_control/share/ur_py_control
creating /root/Shared/moveit_ws/install/ur_py_control/share/ur_py_control/share
creating /root/Shared/moveit_ws/install/ur_py_control/share/ur_py_control/share/config
running install_egg_info
Copying ../../build/ur_py_control/ur_py_control.egg-info to /root/Shared/moveit_ws/install/ur_py_control/lib/python3.12/site-packages/ur_py_control-0.0.0-py3.12.egg-info
running install_scripts
Installing publisher_joint_trajectory_controller script to /root/Shared/moveit_ws/install/ur_py_control/lib/ur_py_control
Installing publisher_joint_trajectory_controller_IK script to /root/Shared/moveit_ws/install/ur_py_control/lib/ur_py_control
Installing show_joint_states script to /root/Shared/moveit_ws/install/ur_py_control/lib/ur_py_control
writing list of installed files to '/root/Shared/moveit_ws/build/ur_py_control/install.log'
