[0.638s] Invoking command in '/root/Shared/moveit_ws/src/ur_py_control': PYTHONPATH=/root/Shared/moveit_ws/build/ur_py_control/prefix_override:/usr/lib/python3/dist-packages/colcon_core/task/python/colcon_distutils_commands:/root/Shared/moveit_ws/install/ur_py_control/lib/python3.12/site-packages:${PYTHONPATH} /usr/bin/python3 -W ignore:setup.py install is deprecated -W ignore:easy_install command is deprecated setup.py egg_info --egg-base ../../build/ur_py_control build --build-base /root/Shared/moveit_ws/build/ur_py_control/build install --record /root/Shared/moveit_ws/build/ur_py_control/install.log --single-version-externally-managed install_data
[0.841s] running egg_info
[0.841s] creating ../../build/ur_py_control/ur_py_control.egg-info
[0.855s] writing ../../build/ur_py_control/ur_py_control.egg-info/PKG-INFO
[0.855s] writing dependency_links to ../../build/ur_py_control/ur_py_control.egg-info/dependency_links.txt
[0.855s] writing entry points to ../../build/ur_py_control/ur_py_control.egg-info/entry_points.txt
[0.855s] writing requirements to ../../build/ur_py_control/ur_py_control.egg-info/requires.txt
[0.856s] writing top-level names to ../../build/ur_py_control/ur_py_control.egg-info/top_level.txt
[0.856s] writing manifest file '../../build/ur_py_control/ur_py_control.egg-info/SOURCES.txt'
[0.884s] reading manifest file '../../build/ur_py_control/ur_py_control.egg-info/SOURCES.txt'
[0.884s] writing manifest file '../../build/ur_py_control/ur_py_control.egg-info/SOURCES.txt'
[0.884s] running build
[0.885s] running build_py
[0.885s] creating /root/Shared/moveit_ws/build/ur_py_control/build
[0.885s] creating /root/Shared/moveit_ws/build/ur_py_control/build/lib
[0.885s] creating /root/Shared/moveit_ws/build/ur_py_control/build/lib/ur_py_control
[0.885s] copying ur_py_control/publisher_joint_trajectory_controller.py -> /root/Shared/moveit_ws/build/ur_py_control/build/lib/ur_py_control
[0.885s] copying ur_py_control/__init__.py -> /root/Shared/moveit_ws/build/ur_py_control/build/lib/ur_py_control
[0.885s] copying ur_py_control/publisher_joint_trajectory_controller_IK.py -> /root/Shared/moveit_ws/build/ur_py_control/build/lib/ur_py_control
[0.885s] copying ur_py_control/show_joint_states.py -> /root/Shared/moveit_ws/build/ur_py_control/build/lib/ur_py_control
[0.885s] running install
[0.890s] running install_lib
[0.905s] creating /root/Shared/moveit_ws/install/ur_py_control/lib/python3.12/site-packages/ur_py_control
[0.905s] copying /root/Shared/moveit_ws/build/ur_py_control/build/lib/ur_py_control/publisher_joint_trajectory_controller.py -> /root/Shared/moveit_ws/install/ur_py_control/lib/python3.12/site-packages/ur_py_control
[0.905s] copying /root/Shared/moveit_ws/build/ur_py_control/build/lib/ur_py_control/__init__.py -> /root/Shared/moveit_ws/install/ur_py_control/lib/python3.12/site-packages/ur_py_control
[0.905s] copying /root/Shared/moveit_ws/build/ur_py_control/build/lib/ur_py_control/publisher_joint_trajectory_controller_IK.py -> /root/Shared/moveit_ws/install/ur_py_control/lib/python3.12/site-packages/ur_py_control
[0.905s] copying /root/Shared/moveit_ws/build/ur_py_control/build/lib/ur_py_control/show_joint_states.py -> /root/Shared/moveit_ws/install/ur_py_control/lib/python3.12/site-packages/ur_py_control
[0.906s] byte-compiling /root/Shared/moveit_ws/install/ur_py_control/lib/python3.12/site-packages/ur_py_control/publisher_joint_trajectory_controller.py to publisher_joint_trajectory_controller.cpython-312.pyc
[0.906s] byte-compiling /root/Shared/moveit_ws/install/ur_py_control/lib/python3.12/site-packages/ur_py_control/__init__.py to __init__.cpython-312.pyc
[0.906s] byte-compiling /root/Shared/moveit_ws/install/ur_py_control/lib/python3.12/site-packages/ur_py_control/publisher_joint_trajectory_controller_IK.py to publisher_joint_trajectory_controller_IK.cpython-312.pyc
[0.907s] byte-compiling /root/Shared/moveit_ws/install/ur_py_control/lib/python3.12/site-packages/ur_py_control/show_joint_states.py to show_joint_states.cpython-312.pyc
[0.908s] running install_data
[0.908s] creating /root/Shared/moveit_ws/install/ur_py_control/share/ament_index
[0.908s] creating /root/Shared/moveit_ws/install/ur_py_control/share/ament_index/resource_index
[0.908s] creating /root/Shared/moveit_ws/install/ur_py_control/share/ament_index/resource_index/packages
[0.908s] copying resource/ur_py_control -> /root/Shared/moveit_ws/install/ur_py_control/share/ament_index/resource_index/packages
[0.908s] copying package.xml -> /root/Shared/moveit_ws/install/ur_py_control/share/ur_py_control
[0.908s] copying launch/joint_trajectory_controller.launch.py -> /root/Shared/moveit_ws/install/ur_py_control/share/ur_py_control
[0.908s] copying launch/joint_trajectory_controller_IK.launch.py -> /root/Shared/moveit_ws/install/ur_py_control/share/ur_py_control
[0.908s] creating /root/Shared/moveit_ws/install/ur_py_control/share/ur_py_control/share
[0.908s] creating /root/Shared/moveit_ws/install/ur_py_control/share/ur_py_control/share/config
[0.908s] running install_egg_info
[0.925s] Copying ../../build/ur_py_control/ur_py_control.egg-info to /root/Shared/moveit_ws/install/ur_py_control/lib/python3.12/site-packages/ur_py_control-0.0.0-py3.12.egg-info
[0.925s] running install_scripts
[1.029s] Installing publisher_joint_trajectory_controller script to /root/Shared/moveit_ws/install/ur_py_control/lib/ur_py_control
[1.029s] Installing publisher_joint_trajectory_controller_IK script to /root/Shared/moveit_ws/install/ur_py_control/lib/ur_py_control
[1.030s] Installing show_joint_states script to /root/Shared/moveit_ws/install/ur_py_control/lib/ur_py_control
[1.030s] writing list of installed files to '/root/Shared/moveit_ws/build/ur_py_control/install.log'
[1.056s] Invoked command in '/root/Shared/moveit_ws/src/ur_py_control' returned '0': PYTHONPATH=/root/Shared/moveit_ws/build/ur_py_control/prefix_override:/usr/lib/python3/dist-packages/colcon_core/task/python/colcon_distutils_commands:/root/Shared/moveit_ws/install/ur_py_control/lib/python3.12/site-packages:${PYTHONPATH} /usr/bin/python3 -W ignore:setup.py install is deprecated -W ignore:easy_install command is deprecated setup.py egg_info --egg-base ../../build/ur_py_control build --build-base /root/Shared/moveit_ws/build/ur_py_control/build install --record /root/Shared/moveit_ws/build/ur_py_control/install.log --single-version-externally-managed install_data
