[0.013s] Invoking command in '/root/Shared/moveit_ws/build/moveit_cpp_planners': CMAKE_PREFIX_PATH=${CMAKE_PREFIX_PATH}:/opt/ros/jazzy /usr/bin/cmake --build /root/Shared/moveit_ws/build/moveit_cpp_planners -- -j16 -l16
[0.097s] [ 28%] Built target check_collisions
[0.097s] [ 28%] Built target kinematics
[0.103s] [ 42%] [32mBuilding CXX object CMakeFiles/planning_scene_stomp.dir/src/planning_scene_stomp.cpp.o[0m
[0.103s] [ 50%] Built target planning_scene_ompl
[0.104s] [ 78%] Built target hello_moveit
[0.104s] [ 78%] Built target planning_scene_service
[0.104s] [ 85%] [32mBuilding CXX object CMakeFiles/planning_scene_chomp.dir/src/planning_scene_chomp.cpp.o[0m
[9.089s] [ 92%] [32m[1mLinking CXX executable planning_scene_stomp[0m
[9.142s] [100%] [32m[1mLinking CXX executable planning_scene_chomp[0m
[9.669s] [100%] Built target planning_scene_stomp
[9.712s] [100%] Built target planning_scene_chomp
[9.723s] Invoked command in '/root/Shared/moveit_ws/build/moveit_cpp_planners' returned '0': CMAKE_PREFIX_PATH=${CMAKE_PREFIX_PATH}:/opt/ros/jazzy /usr/bin/cmake --build /root/Shared/moveit_ws/build/moveit_cpp_planners -- -j16 -l16
[9.733s] Invoking command in '/root/Shared/moveit_ws/build/moveit_cpp_planners': CMAKE_PREFIX_PATH=${CMAKE_PREFIX_PATH}:/opt/ros/jazzy /usr/bin/cmake --install /root/Shared/moveit_ws/build/moveit_cpp_planners
[9.741s] -- Install configuration: ""
[9.741s] -- Installing: /root/Shared/moveit_ws/install/moveit_cpp_planners/lib/moveit_cpp_planners/hello_moveit
[9.741s] -- Set non-toolchain portion of runtime path of "/root/Shared/moveit_ws/install/moveit_cpp_planners/lib/moveit_cpp_planners/hello_moveit" to ""
[9.741s] -- Installing: /root/Shared/moveit_ws/install/moveit_cpp_planners/lib/moveit_cpp_planners/kinematics
[9.742s] -- Set non-toolchain portion of runtime path of "/root/Shared/moveit_ws/install/moveit_cpp_planners/lib/moveit_cpp_planners/kinematics" to ""
[9.742s] -- Installing: /root/Shared/moveit_ws/install/moveit_cpp_planners/lib/moveit_cpp_planners/check_collisions
[9.742s] -- Set non-toolchain portion of runtime path of "/root/Shared/moveit_ws/install/moveit_cpp_planners/lib/moveit_cpp_planners/check_collisions" to ""
[9.742s] -- Installing: /root/Shared/moveit_ws/install/moveit_cpp_planners/lib/moveit_cpp_planners/planning_scene_ompl
[9.743s] -- Set non-toolchain portion of runtime path of "/root/Shared/moveit_ws/install/moveit_cpp_planners/lib/moveit_cpp_planners/planning_scene_ompl" to ""
[9.743s] -- Installing: /root/Shared/moveit_ws/install/moveit_cpp_planners/lib/moveit_cpp_planners/planning_scene_stomp
[9.744s] -- Set non-toolchain portion of runtime path of "/root/Shared/moveit_ws/install/moveit_cpp_planners/lib/moveit_cpp_planners/planning_scene_stomp" to ""
[9.744s] -- Installing: /root/Shared/moveit_ws/install/moveit_cpp_planners/lib/moveit_cpp_planners/planning_scene_chomp
[9.745s] -- Set non-toolchain portion of runtime path of "/root/Shared/moveit_ws/install/moveit_cpp_planners/lib/moveit_cpp_planners/planning_scene_chomp" to ""
[9.745s] -- Installing: /root/Shared/moveit_ws/install/moveit_cpp_planners/lib/moveit_cpp_planners/planning_scene_service
[9.747s] -- Set non-toolchain portion of runtime path of "/root/Shared/moveit_ws/install/moveit_cpp_planners/lib/moveit_cpp_planners/planning_scene_service" to ""
[9.747s] -- Installing: /root/Shared/moveit_ws/install/moveit_cpp_planners/share/moveit_cpp_planners/launch
[9.747s] -- Installing: /root/Shared/moveit_ws/install/moveit_cpp_planners/share/moveit_cpp_planners/launch/check_collisions.launch.py
[9.747s] -- Installing: /root/Shared/moveit_ws/install/moveit_cpp_planners/share/moveit_cpp_planners/launch/planning_scene_chomp.launch.py
[9.747s] -- Installing: /root/Shared/moveit_ws/install/moveit_cpp_planners/share/moveit_cpp_planners/launch/planning_scene_stomp.launch.py
[9.747s] -- Installing: /root/Shared/moveit_ws/install/moveit_cpp_planners/share/moveit_cpp_planners/launch/kinematics.launch.py
[9.747s] -- Installing: /root/Shared/moveit_ws/install/moveit_cpp_planners/share/moveit_cpp_planners/launch/hello_moveit.launch.py
[9.748s] -- Installing: /root/Shared/moveit_ws/install/moveit_cpp_planners/share/moveit_cpp_planners/launch/planning_scene_ompl.launch.py
[9.748s] -- Installing: /root/Shared/moveit_ws/install/moveit_cpp_planners/share/moveit_cpp_planners/launch/planning_scene_service.launch.py
[9.748s] -- Installing: /root/Shared/moveit_ws/install/moveit_cpp_planners/share/moveit_cpp_planners/config
[9.748s] -- Installing: /root/Shared/moveit_ws/install/moveit_cpp_planners/share/moveit_cpp_planners/config/ompl_planning.yaml
[9.748s] -- Installing: /root/Shared/moveit_ws/install/moveit_cpp_planners/share/moveit_cpp_planners/config/stomp_planning.yaml
[9.748s] -- Installing: /root/Shared/moveit_ws/install/moveit_cpp_planners/share/moveit_cpp_planners/config/chomp_planning.yaml
[9.748s] -- Installing: /root/Shared/moveit_ws/install/moveit_cpp_planners/share/moveit_cpp_planners/config/kinematics.yaml
[9.749s] -- Up-to-date: /root/Shared/moveit_ws/install/moveit_cpp_planners/share/ament_index/resource_index/package_run_dependencies/moveit_cpp_planners
[9.749s] -- Up-to-date: /root/Shared/moveit_ws/install/moveit_cpp_planners/share/ament_index/resource_index/parent_prefix_path/moveit_cpp_planners
[9.749s] -- Up-to-date: /root/Shared/moveit_ws/install/moveit_cpp_planners/share/moveit_cpp_planners/environment/ament_prefix_path.sh
[9.749s] -- Up-to-date: /root/Shared/moveit_ws/install/moveit_cpp_planners/share/moveit_cpp_planners/environment/ament_prefix_path.dsv
[9.749s] -- Up-to-date: /root/Shared/moveit_ws/install/moveit_cpp_planners/share/moveit_cpp_planners/environment/path.sh
[9.749s] -- Up-to-date: /root/Shared/moveit_ws/install/moveit_cpp_planners/share/moveit_cpp_planners/environment/path.dsv
[9.749s] -- Up-to-date: /root/Shared/moveit_ws/install/moveit_cpp_planners/share/moveit_cpp_planners/local_setup.bash
[9.749s] -- Up-to-date: /root/Shared/moveit_ws/install/moveit_cpp_planners/share/moveit_cpp_planners/local_setup.sh
[9.749s] -- Up-to-date: /root/Shared/moveit_ws/install/moveit_cpp_planners/share/moveit_cpp_planners/local_setup.zsh
[9.749s] -- Up-to-date: /root/Shared/moveit_ws/install/moveit_cpp_planners/share/moveit_cpp_planners/local_setup.dsv
[9.749s] -- Installing: /root/Shared/moveit_ws/install/moveit_cpp_planners/share/moveit_cpp_planners/package.dsv
[9.749s] -- Up-to-date: /root/Shared/moveit_ws/install/moveit_cpp_planners/share/ament_index/resource_index/packages/moveit_cpp_planners
[9.749s] -- Up-to-date: /root/Shared/moveit_ws/install/moveit_cpp_planners/share/moveit_cpp_planners/cmake/moveit_cpp_plannersConfig.cmake
[9.749s] -- Up-to-date: /root/Shared/moveit_ws/install/moveit_cpp_planners/share/moveit_cpp_planners/cmake/moveit_cpp_plannersConfig-version.cmake
[9.749s] -- Up-to-date: /root/Shared/moveit_ws/install/moveit_cpp_planners/share/moveit_cpp_planners/package.xml
[9.751s] Invoked command in '/root/Shared/moveit_ws/build/moveit_cpp_planners' returned '0': CMAKE_PREFIX_PATH=${CMAKE_PREFIX_PATH}:/opt/ros/jazzy /usr/bin/cmake --install /root/Shared/moveit_ws/build/moveit_cpp_planners
