[0.894s] Invoking command in '/root/Shared/moveit_ws/src/src/ur_py_control': PYTHONPATH=/root/Shared/moveit_ws/build/ur_py_control/prefix_override:/usr/lib/python3/dist-packages/colcon_core/task/python/colcon_distutils_commands:/root/Shared/moveit_ws/install/ur_py_control/lib/python3.12/site-packages:${PYTHONPATH} /usr/bin/python3 -W ignore:setup.py install is deprecated -W ignore:easy_install command is deprecated setup.py egg_info --egg-base ../../../build/ur_py_control build --build-base /root/Shared/moveit_ws/build/ur_py_control/build install --record /root/Shared/moveit_ws/build/ur_py_control/install.log --single-version-externally-managed install_data
[1.078s] running egg_info
[1.078s] creating ../../../build/ur_py_control/ur_py_control.egg-info
[1.090s] writing ../../../build/ur_py_control/ur_py_control.egg-info/PKG-INFO
[1.091s] writing dependency_links to ../../../build/ur_py_control/ur_py_control.egg-info/dependency_links.txt
[1.091s] writing entry points to ../../../build/ur_py_control/ur_py_control.egg-info/entry_points.txt
[1.091s] writing requirements to ../../../build/ur_py_control/ur_py_control.egg-info/requires.txt
[1.091s] writing top-level names to ../../../build/ur_py_control/ur_py_control.egg-info/top_level.txt
[1.091s] writing manifest file '../../../build/ur_py_control/ur_py_control.egg-info/SOURCES.txt'
[1.116s] reading manifest file '../../../build/ur_py_control/ur_py_control.egg-info/SOURCES.txt'
[1.117s] writing manifest file '../../../build/ur_py_control/ur_py_control.egg-info/SOURCES.txt'
[1.117s] running build
[1.117s] running build_py
[1.117s] creating /root/Shared/moveit_ws/build/ur_py_control/build
[1.117s] creating /root/Shared/moveit_ws/build/ur_py_control/build/lib
[1.117s] creating /root/Shared/moveit_ws/build/ur_py_control/build/lib/ur_py_control
[1.117s] copying ur_py_control/publisher_joint_trajectory_controller.py -> /root/Shared/moveit_ws/build/ur_py_control/build/lib/ur_py_control
[1.118s] copying ur_py_control/__init__.py -> /root/Shared/moveit_ws/build/ur_py_control/build/lib/ur_py_control
[1.118s] copying ur_py_control/publisher_joint_trajectory_controller_IK.py -> /root/Shared/moveit_ws/build/ur_py_control/build/lib/ur_py_control
[1.118s] copying ur_py_control/show_joint_states.py -> /root/Shared/moveit_ws/build/ur_py_control/build/lib/ur_py_control
[1.118s] running install
[1.122s] running install_lib
[1.135s] creating /root/Shared/moveit_ws/install/ur_py_control/lib/python3.12/site-packages/ur_py_control
[1.135s] copying /root/Shared/moveit_ws/build/ur_py_control/build/lib/ur_py_control/publisher_joint_trajectory_controller.py -> /root/Shared/moveit_ws/install/ur_py_control/lib/python3.12/site-packages/ur_py_control
[1.135s] copying /root/Shared/moveit_ws/build/ur_py_control/build/lib/ur_py_control/__init__.py -> /root/Shared/moveit_ws/install/ur_py_control/lib/python3.12/site-packages/ur_py_control
[1.135s] copying /root/Shared/moveit_ws/build/ur_py_control/build/lib/ur_py_control/publisher_joint_trajectory_controller_IK.py -> /root/Shared/moveit_ws/install/ur_py_control/lib/python3.12/site-packages/ur_py_control
[1.135s] copying /root/Shared/moveit_ws/build/ur_py_control/build/lib/ur_py_control/show_joint_states.py -> /root/Shared/moveit_ws/install/ur_py_control/lib/python3.12/site-packages/ur_py_control
[1.136s] byte-compiling /root/Shared/moveit_ws/install/ur_py_control/lib/python3.12/site-packages/ur_py_control/publisher_joint_trajectory_controller.py to publisher_joint_trajectory_controller.cpython-312.pyc
[1.136s] byte-compiling /root/Shared/moveit_ws/install/ur_py_control/lib/python3.12/site-packages/ur_py_control/__init__.py to __init__.cpython-312.pyc
[1.136s] byte-compiling /root/Shared/moveit_ws/install/ur_py_control/lib/python3.12/site-packages/ur_py_control/publisher_joint_trajectory_controller_IK.py to publisher_joint_trajectory_controller_IK.cpython-312.pyc
[1.137s] byte-compiling /root/Shared/moveit_ws/install/ur_py_control/lib/python3.12/site-packages/ur_py_control/show_joint_states.py to show_joint_states.cpython-312.pyc
[1.138s] running install_data
[1.138s] creating /root/Shared/moveit_ws/install/ur_py_control/share/ament_index
[1.138s] creating /root/Shared/moveit_ws/install/ur_py_control/share/ament_index/resource_index
[1.138s] creating /root/Shared/moveit_ws/install/ur_py_control/share/ament_index/resource_index/packages
[1.138s] copying resource/ur_py_control -> /root/Shared/moveit_ws/install/ur_py_control/share/ament_index/resource_index/packages
[1.138s] copying package.xml -> /root/Shared/moveit_ws/install/ur_py_control/share/ur_py_control
[1.138s] copying launch/joint_trajectory_controller.launch.py -> /root/Shared/moveit_ws/install/ur_py_control/share/ur_py_control
[1.138s] copying launch/joint_trajectory_controller_IK.launch.py -> /root/Shared/moveit_ws/install/ur_py_control/share/ur_py_control
[1.138s] creating /root/Shared/moveit_ws/install/ur_py_control/share/ur_py_control/share
[1.139s] creating /root/Shared/moveit_ws/install/ur_py_control/share/ur_py_control/share/config
[1.139s] running install_egg_info
[1.152s] Copying ../../../build/ur_py_control/ur_py_control.egg-info to /root/Shared/moveit_ws/install/ur_py_control/lib/python3.12/site-packages/ur_py_control-0.0.0-py3.12.egg-info
[1.153s] running install_scripts
[1.246s] Installing publisher_joint_trajectory_controller script to /root/Shared/moveit_ws/install/ur_py_control/lib/ur_py_control
[1.247s] Installing publisher_joint_trajectory_controller_IK script to /root/Shared/moveit_ws/install/ur_py_control/lib/ur_py_control
[1.247s] Installing show_joint_states script to /root/Shared/moveit_ws/install/ur_py_control/lib/ur_py_control
[1.247s] writing list of installed files to '/root/Shared/moveit_ws/build/ur_py_control/install.log'
[1.268s] Invoked command in '/root/Shared/moveit_ws/src/src/ur_py_control' returned '0': PYTHONPATH=/root/Shared/moveit_ws/build/ur_py_control/prefix_override:/usr/lib/python3/dist-packages/colcon_core/task/python/colcon_distutils_commands:/root/Shared/moveit_ws/install/ur_py_control/lib/python3.12/site-packages:${PYTHONPATH} /usr/bin/python3 -W ignore:setup.py install is deprecated -W ignore:easy_install command is deprecated setup.py egg_info --egg-base ../../../build/ur_py_control build --build-base /root/Shared/moveit_ws/build/ur_py_control/build install --record /root/Shared/moveit_ws/build/ur_py_control/install.log --single-version-externally-managed install_data
