[0.010s] Invoking command in '/root/Shared/moveit_ws/build/ros2_ur_moveit_examples': CMAKE_PREFIX_PATH=${CMAKE_PREFIX_PATH}:/opt/ros/jazzy /usr/bin/cmake /root/Shared/moveit_ws -DCMAKE_INSTALL_PREFIX=/root/Shared/moveit_ws/install/ros2_ur_moveit_examples
[0.032s] -- Found Boost: /usr/lib/x86_64-linux-gnu/cmake/Boost-1.83.0/BoostConfig.cmake (found version "1.83.0") found components: system filesystem date_time thread 
[0.033s] -- Found ament_cmake: 2.5.4 (/opt/ros/jazzy/share/ament_cmake/cmake)
[0.209s] -- Found control_msgs: 5.4.0 (/opt/ros/jazzy/share/control_msgs/cmake)
[0.233s] -- Found rosidl_generator_c: 4.6.5 (/opt/ros/jazzy/share/rosidl_generator_c/cmake)
[0.240s] -- Found rosidl_generator_cpp: 4.6.5 (/opt/ros/jazzy/share/rosidl_generator_cpp/cmake)
[0.248s] -- Using all available rosidl_typesupport_c: rosidl_typesupport_fastrtps_c;rosidl_typesupport_introspection_c
[0.259s] -- Using all available rosidl_typesupport_cpp: rosidl_typesupport_fastrtps_cpp;rosidl_typesupport_introspection_cpp
[0.395s] -- Found moveit_common: 2.12.3 (/opt/ros/jazzy/share/moveit_common/cmake)
[0.395s] -- Found moveit_core: 2.12.3 (/opt/ros/jazzy/share/moveit_core/cmake)
[0.403s] -- Found Boost: /usr/lib/x86_64-linux-gnu/cmake/Boost-1.83.0/BoostConfig.cmake (found version "1.83.0") found components: chrono date_time filesystem iostreams program_options regex serialization system thread 
[0.426s] -- Found parameter_traits: 0.4.0 (/opt/ros/jazzy/share/parameter_traits/cmake)
[0.458s] -- Found rmw_implementation_cmake: 7.3.2 (/opt/ros/jazzy/share/rmw_implementation_cmake/cmake)
[0.459s] -- Found rmw_fastrtps_cpp: 8.4.2 (/opt/ros/jazzy/share/rmw_fastrtps_cpp/cmake)
[0.512s] -- Using RMW implementation 'rmw_fastrtps_cpp' as default
[0.569s] -- Found rclcpp_lifecycle: 28.1.9 (/opt/ros/jazzy/share/rclcpp_lifecycle/cmake)
[0.595s] -- Found Boost: /usr/lib/x86_64-linux-gnu/cmake/Boost-1.83.0/BoostConfig.cmake (found version "1.83.0") found components: filesystem 
[0.645s] -- Ensuring Eigen3 include directory is part of orocos-kdl CMake target
[0.853s] -- Found moveit_ros_planning: 2.12.3 (/opt/ros/jazzy/share/moveit_ros_planning/cmake)
[0.858s] -- Found Boost: /usr/lib/x86_64-linux-gnu/cmake/Boost-1.83.0/BoostConfig.cmake (found version "1.83.0") found components: system filesystem date_time program_options thread chrono 
[0.891s] -- Found moveit_ros_planning_interface: 2.12.3 (/opt/ros/jazzy/share/moveit_ros_planning_interface/cmake)
[0.895s] -- Found Boost: /usr/lib/x86_64-linux-gnu/cmake/Boost-1.83.0/BoostConfig.cmake (found version "1.83.0") found components: date_time filesystem program_options system thread 
[0.907s] -- Found Boost: /usr/lib/x86_64-linux-gnu/cmake/Boost-1.83.0/BoostConfig.cmake (found version "1.83.0") found components: thread system filesystem regex date_time program_options 
[0.927s] -- Found Boost: /usr/lib/x86_64-linux-gnu/cmake/Boost-1.83.0/BoostConfig.cmake (found version "1.83.0") found components: system filesystem date_time program_options thread 
[0.957s] -- Found moveit_servo: 2.12.3 (/opt/ros/jazzy/share/moveit_servo/cmake)
[0.984s] -- Found interactive_markers: 2.5.4 (/opt/ros/jazzy/share/interactive_markers/cmake)
[0.988s] -- Found rviz_visual_tools: 4.1.4 (/opt/ros/jazzy/share/rviz_visual_tools/cmake)
[1.008s] -- Setting OGRE_DIR to: '/opt/ros/jazzy/share/rviz_ogre_vendor/cmake/../../../opt/rviz_ogre_vendor/lib/OGRE/cmake'
[1.009s] -- Found OGRE
[1.009s] --   static     : OFF
[1.009s] --   components : MeshLodGenerator;Overlay;Paging;Property;RTShaderSystem;Terrain;Volume
[1.009s] --   plugins    : Plugin_BSPSceneManager;Plugin_OctreeSceneManager;Plugin_PCZSceneManager;Plugin_ParticleFX;RenderSystem_GL;RenderSystem_GL3Plus;Codec_STBI
[1.009s] --   media      : /opt/ros/jazzy/opt/rviz_ogre_vendor/share/OGRE/Media
[1.009s] -- OGRE_LIBRARIES: OgreMeshLodGenerator;OgreOverlay;OgrePaging;OgreProperty;OgreRTShaderSystem;OgreTerrain;OgreVolume;OgreMain
[1.009s] -- OGRE_LIBRARY_DIRS: /opt/ros/jazzy/opt/rviz_ogre_vendor/lib
[1.009s] -- OGRE_PLUGINS: Plugin_BSPSceneManager;Plugin_OctreeSceneManager;Plugin_PCZSceneManager;Plugin_ParticleFX;RenderSystem_GL;RenderSystem_GL3Plus;Codec_STBI
[1.009s] -- OGRE_PLUGIN_DIR: /opt/ros/jazzy/opt/rviz_ogre_vendor/lib/OGRE
[1.009s] -- rviz_ogre_vendor::OgreOverlay for IMPORTED_LOCATION_RELEASE: /opt/ros/jazzy/opt/rviz_ogre_vendor/lib/libOgreOverlay.so
[1.009s] -- rviz_ogre_vendor::OgreOverlay for IMPORTED_LOCATION_DEBUG: /opt/ros/jazzy/opt/rviz_ogre_vendor/lib/libOgreOverlay.so
[1.009s] -- rviz_ogre_vendor::OgreMain for IMPORTED_LOCATION_RELEASE: /opt/ros/jazzy/opt/rviz_ogre_vendor/lib/libOgreMain.so
[1.009s] -- rviz_ogre_vendor::OgreMain for IMPORTED_LOCATION_DEBUG: /opt/ros/jazzy/opt/rviz_ogre_vendor/lib/libOgreMain.so
[1.010s] -- Could not find freeimage library
[1.074s] -- Setting yaml-cpp_DIR to: '/opt/ros/jazzy/share/yaml_cpp_vendor/cmake/../../../opt/yaml_cpp_vendor/share/cmake/yaml-cpp'
[1.166s] -- Found moveit_visual_tools: 4.1.2 (/opt/ros/jazzy/share/moveit_visual_tools/cmake)
[1.213s] -- Found ament_lint_auto: 0.17.2 (/opt/ros/jazzy/share/ament_lint_auto/cmake)
[1.312s] -- Added test 'cppcheck' to perform static code analysis on C / C++ code
[1.314s] -- Configured cppcheck include dirs: /root/Shared/moveit_ws/include
[1.315s] -- Configured cppcheck exclude dirs and/or files: 
[1.318s] -- Added test 'flake8' to check Python code syntax and style conventions
[1.318s] -- Configured 'flake8' exclude dirs and/or files: 
[1.324s] -- Added test 'lint_cmake' to check CMake code style
[1.327s] -- Added test 'pep257' to check Python code against some of the docstring style conventions in PEP 257
[1.351s] -- Added test 'uncrustify' to check C / C++ code style
[1.351s] -- Configured uncrustify additional arguments: 
[1.354s] -- Added test 'xmllint' to check XML markup files
[1.355s] -- Configuring done (1.3s)
[1.364s] [31mCMake Error at CMakeLists.txt:58 (add_executable):
[1.364s]   Cannot find source file:
[1.364s] 
[1.364s]     src/hello_moveit.cpp
[1.364s] 
[1.364s]   Tried extensions .c .C .c++ .cc .cpp .cxx .cu .mpp .m .M .mm .ixx .cppm
[1.364s]   .ccm .cxxm .c++m .h .hh .h++ .hm .hpp .hxx .in .txx .f .F .for .f77 .f90
[1.364s]   .f95 .f03 .hip .ispc
[1.365s] 
[1.365s] [0m
[1.368s] [31mCMake Error at CMakeLists.txt:62 (add_executable):
[1.368s]   Cannot find source file:
[1.368s] 
[1.368s]     src/kinematics.cpp
[1.369s] 
[1.369s]   Tried extensions .c .C .c++ .cc .cpp .cxx .cu .mpp .m .M .mm .ixx .cppm
[1.369s]   .ccm .cxxm .c++m .h .hh .h++ .hm .hpp .hxx .in .txx .f .F .for .f77 .f90
[1.369s]   .f95 .f03 .hip .ispc
[1.369s] 
[1.369s] [0m
[1.369s] [31mCMake Error at CMakeLists.txt:66 (add_executable):
[1.369s]   Cannot find source file:
[1.369s] 
[1.369s]     src/check_collisions.cpp
[1.369s] 
[1.370s]   Tried extensions .c .C .c++ .cc .cpp .cxx .cu .mpp .m .M .mm .ixx .cppm
[1.370s]   .ccm .cxxm .c++m .h .hh .h++ .hm .hpp .hxx .in .txx .f .F .for .f77 .f90
[1.370s]   .f95 .f03 .hip .ispc
[1.370s] 
[1.370s] [0m
[1.370s] [31mCMake Error at CMakeLists.txt:70 (add_executable):
[1.370s]   Cannot find source file:
[1.370s] 
[1.370s]     src/planning_scene.cpp
[1.370s] 
[1.370s]   Tried extensions .c .C .c++ .cc .cpp .cxx .cu .mpp .m .M .mm .ixx .cppm
[1.370s]   .ccm .cxxm .c++m .h .hh .h++ .hm .hpp .hxx .in .txx .f .F .for .f77 .f90
[1.370s]   .f95 .f03 .hip .ispc
[1.370s] 
[1.370s] [0m
[1.370s] [31mCMake Error at CMakeLists.txt:74 (add_executable):
[1.370s]   Cannot find source file:
[1.370s] 
[1.370s]     src/planning_scene_service.cpp
[1.370s] 
[1.370s]   Tried extensions .c .C .c++ .cc .cpp .cxx .cu .mpp .m .M .mm .ixx .cppm
[1.370s]   .ccm .cxxm .c++m .h .hh .h++ .hm .hpp .hxx .in .txx .f .F .for .f77 .f90
[1.370s]   .f95 .f03 .hip .ispc
[1.371s] 
[1.371s] [0m
[1.376s] [31mCMake Error at CMakeLists.txt:58 (add_executable):
[1.376s]   No SOURCES given to target: hello_moveit
[1.376s] 
[1.376s] [0m
[1.376s] [31mCMake Error at CMakeLists.txt:62 (add_executable):
[1.376s]   No SOURCES given to target: kinematics
[1.376s] 
[1.376s] [0m
[1.376s] [31mCMake Error at CMakeLists.txt:66 (add_executable):
[1.376s]   No SOURCES given to target: check_collisions
[1.377s] 
[1.377s] [0m
[1.377s] [31mCMake Error at CMakeLists.txt:70 (add_executable):
[1.377s]   No SOURCES given to target: planning_scene
[1.377s] 
[1.377s] [0m
[1.377s] [31mCMake Error at CMakeLists.txt:74 (add_executable):
[1.377s]   No SOURCES given to target: planning_scene_service
[1.377s] 
[1.377s] [0m
[1.377s] [0mCMake Generate step failed.  Build files cannot be regenerated correctly.[0m
[1.386s] Invoked command in '/root/Shared/moveit_ws/build/ros2_ur_moveit_examples' returned '1': CMAKE_PREFIX_PATH=${CMAKE_PREFIX_PATH}:/opt/ros/jazzy /usr/bin/cmake /root/Shared/moveit_ws -DCMAKE_INSTALL_PREFIX=/root/Shared/moveit_ws/install/ros2_ur_moveit_examples
