/root/Shared/moveit_ws/install/ur_py_control/lib/python3.12/site-packages/ur_py_control/publisher_joint_trajectory_controller.py
/root/Shared/moveit_ws/install/ur_py_control/lib/python3.12/site-packages/ur_py_control/__init__.py
/root/Shared/moveit_ws/install/ur_py_control/lib/python3.12/site-packages/ur_py_control/publisher_joint_trajectory_controller_IK.py
/root/Shared/moveit_ws/install/ur_py_control/lib/python3.12/site-packages/ur_py_control/show_joint_states.py
/root/Shared/moveit_ws/install/ur_py_control/lib/python3.12/site-packages/ur_py_control/__pycache__/publisher_joint_trajectory_controller.cpython-312.pyc
/root/Shared/moveit_ws/install/ur_py_control/lib/python3.12/site-packages/ur_py_control/__pycache__/__init__.cpython-312.pyc
/root/Shared/moveit_ws/install/ur_py_control/lib/python3.12/site-packages/ur_py_control/__pycache__/publisher_joint_trajectory_controller_IK.cpython-312.pyc
/root/Shared/moveit_ws/install/ur_py_control/lib/python3.12/site-packages/ur_py_control/__pycache__/show_joint_states.cpython-312.pyc
/root/Shared/moveit_ws/install/ur_py_control/share/ament_index/resource_index/packages/ur_py_control
/root/Shared/moveit_ws/install/ur_py_control/share/ur_py_control/package.xml
/root/Shared/moveit_ws/install/ur_py_control/share/ur_py_control/joint_trajectory_controller.launch.py
/root/Shared/moveit_ws/install/ur_py_control/share/ur_py_control/joint_trajectory_controller_IK.launch.py
/root/Shared/moveit_ws/install/ur_py_control/share/ur_py_control/share/config
/root/Shared/moveit_ws/install/ur_py_control/lib/python3.12/site-packages/ur_py_control-0.0.0-py3.12.egg-info/top_level.txt
/root/Shared/moveit_ws/install/ur_py_control/lib/python3.12/site-packages/ur_py_control-0.0.0-py3.12.egg-info/dependency_links.txt
/root/Shared/moveit_ws/install/ur_py_control/lib/python3.12/site-packages/ur_py_control-0.0.0-py3.12.egg-info/entry_points.txt
/root/Shared/moveit_ws/install/ur_py_control/lib/python3.12/site-packages/ur_py_control-0.0.0-py3.12.egg-info/SOURCES.txt
/root/Shared/moveit_ws/install/ur_py_control/lib/python3.12/site-packages/ur_py_control-0.0.0-py3.12.egg-info/PKG-INFO
/root/Shared/moveit_ws/install/ur_py_control/lib/python3.12/site-packages/ur_py_control-0.0.0-py3.12.egg-info/requires.txt
/root/Shared/moveit_ws/install/ur_py_control/lib/python3.12/site-packages/ur_py_control-0.0.0-py3.12.egg-info/zip-safe
/root/Shared/moveit_ws/install/ur_py_control/lib/ur_py_control/publisher_joint_trajectory_controller
/root/Shared/moveit_ws/install/ur_py_control/lib/ur_py_control/publisher_joint_trajectory_controller_IK
/root/Shared/moveit_ws/install/ur_py_control/lib/ur_py_control/show_joint_states
