[0.014s] Invoking command in '/root/Shared/moveit_ws/build/moveit_cpp_planners': CMAKE_PREFIX_PATH=${CMAKE_PREFIX_PATH}:/opt/ros/jazzy /usr/bin/cmake --build /root/Shared/moveit_ws/build/moveit_cpp_planners -- -j16 -l16
[0.185s] Invoked command in '/root/Shared/moveit_ws/build/moveit_cpp_planners' returned '0': CMAKE_PREFIX_PATH=${CMAKE_PREFIX_PATH}:/opt/ros/jazzy /usr/bin/cmake --build /root/Shared/moveit_ws/build/moveit_cpp_planners -- -j16 -l16
[0.195s] Invoking command in '/root/Shared/moveit_ws/build/moveit_cpp_planners': CMAKE_PREFIX_PATH=${CMAKE_PREFIX_PATH}:/opt/ros/jazzy /usr/bin/cmake --install /root/Shared/moveit_ws/build/moveit_cpp_planners
[0.203s] -- Install configuration: ""
[0.203s] -- Up-to-date: /root/Shared/moveit_ws/install/moveit_cpp_planners/share/ament_index/resource_index/package_run_dependencies/moveit_cpp_planners
[0.203s] -- Up-to-date: /root/Shared/moveit_ws/install/moveit_cpp_planners/share/ament_index/resource_index/parent_prefix_path/moveit_cpp_planners
[0.204s] -- Up-to-date: /root/Shared/moveit_ws/install/moveit_cpp_planners/share/moveit_cpp_planners/environment/ament_prefix_path.sh
[0.204s] -- Up-to-date: /root/Shared/moveit_ws/install/moveit_cpp_planners/share/moveit_cpp_planners/environment/ament_prefix_path.dsv
[0.204s] -- Up-to-date: /root/Shared/moveit_ws/install/moveit_cpp_planners/share/moveit_cpp_planners/environment/path.sh
[0.204s] -- Up-to-date: /root/Shared/moveit_ws/install/moveit_cpp_planners/share/moveit_cpp_planners/environment/path.dsv
[0.204s] -- Up-to-date: /root/Shared/moveit_ws/install/moveit_cpp_planners/share/moveit_cpp_planners/local_setup.bash
[0.204s] -- Up-to-date: /root/Shared/moveit_ws/install/moveit_cpp_planners/share/moveit_cpp_planners/local_setup.sh
[0.204s] -- Up-to-date: /root/Shared/moveit_ws/install/moveit_cpp_planners/share/moveit_cpp_planners/local_setup.zsh
[0.204s] -- Up-to-date: /root/Shared/moveit_ws/install/moveit_cpp_planners/share/moveit_cpp_planners/local_setup.dsv
[0.204s] -- Up-to-date: /root/Shared/moveit_ws/install/moveit_cpp_planners/share/moveit_cpp_planners/package.dsv
[0.205s] -- Up-to-date: /root/Shared/moveit_ws/install/moveit_cpp_planners/share/ament_index/resource_index/packages/moveit_cpp_planners
[0.205s] -- Up-to-date: /root/Shared/moveit_ws/install/moveit_cpp_planners/share/moveit_cpp_planners/cmake/moveit_cpp_plannersConfig.cmake
[0.205s] -- Up-to-date: /root/Shared/moveit_ws/install/moveit_cpp_planners/share/moveit_cpp_planners/cmake/moveit_cpp_plannersConfig-version.cmake
[0.205s] -- Up-to-date: /root/Shared/moveit_ws/install/moveit_cpp_planners/share/moveit_cpp_planners/package.xml
[0.206s] Invoked command in '/root/Shared/moveit_ws/build/moveit_cpp_planners' returned '0': CMAKE_PREFIX_PATH=${CMAKE_PREFIX_PATH}:/opt/ros/jazzy /usr/bin/cmake --install /root/Shared/moveit_ws/build/moveit_cpp_planners
