[ 28%] Built target check_collisions
[ 28%] Built target kinematics
[100%] Built target planning_scene_chomp
[100%] Built target planning_scene_service
[100%] Built target hello_moveit
[100%] Built target planning_scene_stomp
[100%] Built target planning_scene_ompl
-- Install configuration: ""
-- Up-to-date: /root/Shared/moveit_ws/install/moveit_cpp_planners/lib/moveit_cpp_planners/hello_moveit
-- Up-to-date: /root/Shared/moveit_ws/install/moveit_cpp_planners/lib/moveit_cpp_planners/kinematics
-- Up-to-date: /root/Shared/moveit_ws/install/moveit_cpp_planners/lib/moveit_cpp_planners/check_collisions
-- Up-to-date: /root/Shared/moveit_ws/install/moveit_cpp_planners/lib/moveit_cpp_planners/planning_scene_ompl
-- Up-to-date: /root/Shared/moveit_ws/install/moveit_cpp_planners/lib/moveit_cpp_planners/planning_scene_stomp
-- Up-to-date: /root/Shared/moveit_ws/install/moveit_cpp_planners/lib/moveit_cpp_planners/planning_scene_chomp
-- Up-to-date: /root/Shared/moveit_ws/install/moveit_cpp_planners/lib/moveit_cpp_planners/planning_scene_service
-- Up-to-date: /root/Shared/moveit_ws/install/moveit_cpp_planners/share/moveit_cpp_planners/launch
-- Up-to-date: /root/Shared/moveit_ws/install/moveit_cpp_planners/share/moveit_cpp_planners/launch/check_collisions.launch.py
-- Installing: /root/Shared/moveit_ws/install/moveit_cpp_planners/share/moveit_cpp_planners/launch/planning_scene_chomp.launch.py
-- Installing: /root/Shared/moveit_ws/install/moveit_cpp_planners/share/moveit_cpp_planners/launch/planning_scene_stomp.launch.py
-- Up-to-date: /root/Shared/moveit_ws/install/moveit_cpp_planners/share/moveit_cpp_planners/launch/kinematics.launch.py
-- Up-to-date: /root/Shared/moveit_ws/install/moveit_cpp_planners/share/moveit_cpp_planners/launch/hello_moveit.launch.py
-- Installing: /root/Shared/moveit_ws/install/moveit_cpp_planners/share/moveit_cpp_planners/launch/planning_scene_ompl.launch.py
-- Up-to-date: /root/Shared/moveit_ws/install/moveit_cpp_planners/share/moveit_cpp_planners/launch/planning_scene_service.launch.py
-- Up-to-date: /root/Shared/moveit_ws/install/moveit_cpp_planners/share/moveit_cpp_planners/config
-- Up-to-date: /root/Shared/moveit_ws/install/moveit_cpp_planners/share/moveit_cpp_planners/config/ompl_planning.yaml
-- Up-to-date: /root/Shared/moveit_ws/install/moveit_cpp_planners/share/moveit_cpp_planners/config/stomp_planning.yaml
-- Up-to-date: /root/Shared/moveit_ws/install/moveit_cpp_planners/share/moveit_cpp_planners/config/chomp_planning.yaml
-- Up-to-date: /root/Shared/moveit_ws/install/moveit_cpp_planners/share/moveit_cpp_planners/config/kinematics.yaml
-- Up-to-date: /root/Shared/moveit_ws/install/moveit_cpp_planners/share/ament_index/resource_index/package_run_dependencies/moveit_cpp_planners
-- Up-to-date: /root/Shared/moveit_ws/install/moveit_cpp_planners/share/ament_index/resource_index/parent_prefix_path/moveit_cpp_planners
-- Up-to-date: /root/Shared/moveit_ws/install/moveit_cpp_planners/share/moveit_cpp_planners/environment/ament_prefix_path.sh
-- Up-to-date: /root/Shared/moveit_ws/install/moveit_cpp_planners/share/moveit_cpp_planners/environment/ament_prefix_path.dsv
-- Up-to-date: /root/Shared/moveit_ws/install/moveit_cpp_planners/share/moveit_cpp_planners/environment/path.sh
-- Up-to-date: /root/Shared/moveit_ws/install/moveit_cpp_planners/share/moveit_cpp_planners/environment/path.dsv
-- Up-to-date: /root/Shared/moveit_ws/install/moveit_cpp_planners/share/moveit_cpp_planners/local_setup.bash
-- Up-to-date: /root/Shared/moveit_ws/install/moveit_cpp_planners/share/moveit_cpp_planners/local_setup.sh
-- Up-to-date: /root/Shared/moveit_ws/install/moveit_cpp_planners/share/moveit_cpp_planners/local_setup.zsh
-- Up-to-date: /root/Shared/moveit_ws/install/moveit_cpp_planners/share/moveit_cpp_planners/local_setup.dsv
-- Installing: /root/Shared/moveit_ws/install/moveit_cpp_planners/share/moveit_cpp_planners/package.dsv
-- Up-to-date: /root/Shared/moveit_ws/install/moveit_cpp_planners/share/ament_index/resource_index/packages/moveit_cpp_planners
-- Up-to-date: /root/Shared/moveit_ws/install/moveit_cpp_planners/share/moveit_cpp_planners/cmake/moveit_cpp_plannersConfig.cmake
-- Up-to-date: /root/Shared/moveit_ws/install/moveit_cpp_planners/share/moveit_cpp_planners/cmake/moveit_cpp_plannersConfig-version.cmake
-- Up-to-date: /root/Shared/moveit_ws/install/moveit_cpp_planners/share/moveit_cpp_planners/package.xml
