[0.082s] DEBUG:colcon:Command line arguments: ['/usr/bin/colcon', 'build']
[0.082s] DEBUG:colcon:Parsed command line arguments: Namespace(log_base=None, log_level=None, verb_name='build', build_base='build', install_base='install', merge_install=False, symlink_install=False, test_result_base=None, continue_on_error=False, executor='parallel', parallel_workers=16, event_handlers=None, ignore_user_meta=False, metas=['./colcon.meta'], base_paths=['.'], packages_ignore=None, packages_ignore_regex=None, paths=None, packages_up_to=None, packages_up_to_regex=None, packages_above=None, packages_above_and_dependencies=None, packages_above_depth=None, packages_select_by_dep=None, packages_skip_by_dep=None, packages_skip_up_to=None, packages_select_build_failed=False, packages_skip_build_finished=False, packages_select_test_failures=False, packages_skip_test_passed=False, packages_select=None, packages_skip=None, packages_select_regex=None, packages_skip_regex=None, packages_start=None, packages_end=None, cmake_args=None, cmake_target=None, cmake_target_skip_unavailable=False, cmake_clean_cache=False, cmake_clean_first=False, cmake_force_configure=False, ament_cmake_args=None, catkin_cmake_args=None, catkin_skip_building_tests=False, mixin_files=None, mixin=None, verb_parser=<colcon_mixin.mixin.mixin_argument.MixinArgumentDecorator object at 0x7819f7c31670>, verb_extension=<colcon_core.verb.build.BuildVerb object at 0x7819f7db19a0>, main=<bound method BuildVerb.main of <colcon_core.verb.build.BuildVerb object at 0x7819f7db19a0>>, mixin_verb=('build',))
[0.113s] Level 1:colcon.colcon_core.package_discovery:discover_packages(colcon_meta) check parameters
[0.113s] INFO:colcon.colcon_metadata.package_discovery.colcon_meta:Using configuration from '/root/.colcon/metadata/default/Gazebo.meta'
[0.113s] INFO:colcon.colcon_metadata.package_discovery.colcon_meta:Using configuration from '/root/.colcon/metadata/default/fastrtps.meta'
[0.113s] Level 1:colcon.colcon_core.package_discovery:discover_packages(recursive) check parameters
[0.113s] Level 1:colcon.colcon_core.package_discovery:discover_packages(ignore) check parameters
[0.113s] Level 1:colcon.colcon_core.package_discovery:discover_packages(path) check parameters
[0.113s] Level 1:colcon.colcon_core.package_discovery:discover_packages(colcon_meta) discover
[0.114s] Level 1:colcon.colcon_core.package_discovery:discover_packages(recursive) discover
[0.114s] INFO:colcon.colcon_core.package_discovery:Crawling recursively for packages in '/root/Shared/moveit_ws'
[0.114s] Level 1:colcon.colcon_core.package_identification:_identify(.) by extensions ['ignore', 'ignore_ament_install']
[0.114s] Level 1:colcon.colcon_core.package_identification:_identify(.) by extension 'ignore'
[0.114s] Level 1:colcon.colcon_core.package_identification:_identify(.) by extension 'ignore_ament_install'
[0.114s] Level 1:colcon.colcon_core.package_identification:_identify(.) by extensions ['colcon_pkg']
[0.114s] Level 1:colcon.colcon_core.package_identification:_identify(.) by extension 'colcon_pkg'
[0.114s] Level 1:colcon.colcon_core.package_identification:_identify(.) by extensions ['colcon_meta']
[0.114s] Level 1:colcon.colcon_core.package_identification:_identify(.) by extension 'colcon_meta'
[0.114s] Level 1:colcon.colcon_core.package_identification:_identify(.) by extensions ['ros']
[0.114s] Level 1:colcon.colcon_core.package_identification:_identify(.) by extension 'ros'
[0.132s] Level 1:colcon.colcon_core.package_identification:_identify(.) by extensions ['cmake', 'python']
[0.132s] Level 1:colcon.colcon_core.package_identification:_identify(.) by extension 'cmake'
[0.132s] Level 1:colcon.colcon_core.package_identification:_identify(.) by extension 'python'
[0.132s] Level 1:colcon.colcon_core.package_identification:_identify(.) by extensions ['python_setup_py']
[0.132s] Level 1:colcon.colcon_core.package_identification:_identify(.) by extension 'python_setup_py'
[0.132s] Level 1:colcon.colcon_core.package_identification:_identify(build) by extensions ['ignore', 'ignore_ament_install']
[0.132s] Level 1:colcon.colcon_core.package_identification:_identify(build) by extension 'ignore'
[0.133s] Level 1:colcon.colcon_core.package_identification:_identify(build) ignored
[0.133s] Level 1:colcon.colcon_core.package_identification:_identify(install) by extensions ['ignore', 'ignore_ament_install']
[0.133s] Level 1:colcon.colcon_core.package_identification:_identify(install) by extension 'ignore'
[0.133s] Level 1:colcon.colcon_core.package_identification:_identify(install) ignored
[0.133s] Level 1:colcon.colcon_core.package_identification:_identify(log) by extensions ['ignore', 'ignore_ament_install']
[0.133s] Level 1:colcon.colcon_core.package_identification:_identify(log) by extension 'ignore'
[0.133s] Level 1:colcon.colcon_core.package_identification:_identify(log) ignored
[0.133s] Level 1:colcon.colcon_core.package_identification:_identify(src) by extensions ['ignore', 'ignore_ament_install']
[0.133s] Level 1:colcon.colcon_core.package_identification:_identify(src) by extension 'ignore'
[0.133s] Level 1:colcon.colcon_core.package_identification:_identify(src) by extension 'ignore_ament_install'
[0.133s] Level 1:colcon.colcon_core.package_identification:_identify(src) by extensions ['colcon_pkg']
[0.133s] Level 1:colcon.colcon_core.package_identification:_identify(src) by extension 'colcon_pkg'
[0.133s] Level 1:colcon.colcon_core.package_identification:_identify(src) by extensions ['colcon_meta']
[0.133s] Level 1:colcon.colcon_core.package_identification:_identify(src) by extension 'colcon_meta'
[0.133s] Level 1:colcon.colcon_core.package_identification:_identify(src) by extensions ['ros']
[0.133s] Level 1:colcon.colcon_core.package_identification:_identify(src) by extension 'ros'
[0.133s] Level 1:colcon.colcon_core.package_identification:_identify(src) by extensions ['cmake', 'python']
[0.133s] Level 1:colcon.colcon_core.package_identification:_identify(src) by extension 'cmake'
[0.133s] Level 1:colcon.colcon_core.package_identification:_identify(src) by extension 'python'
[0.133s] Level 1:colcon.colcon_core.package_identification:_identify(src) by extensions ['python_setup_py']
[0.133s] Level 1:colcon.colcon_core.package_identification:_identify(src) by extension 'python_setup_py'
[0.133s] Level 1:colcon.colcon_core.package_identification:_identify(src/build) by extensions ['ignore', 'ignore_ament_install']
[0.133s] Level 1:colcon.colcon_core.package_identification:_identify(src/build) by extension 'ignore'
[0.133s] Level 1:colcon.colcon_core.package_identification:_identify(src/build) ignored
[0.134s] Level 1:colcon.colcon_core.package_identification:_identify(src/install) by extensions ['ignore', 'ignore_ament_install']
[0.134s] Level 1:colcon.colcon_core.package_identification:_identify(src/install) by extension 'ignore'
[0.134s] Level 1:colcon.colcon_core.package_identification:_identify(src/install) ignored
[0.134s] Level 1:colcon.colcon_core.package_identification:_identify(src/log) by extensions ['ignore', 'ignore_ament_install']
[0.134s] Level 1:colcon.colcon_core.package_identification:_identify(src/log) by extension 'ignore'
[0.134s] Level 1:colcon.colcon_core.package_identification:_identify(src/log) ignored
[0.134s] Level 1:colcon.colcon_core.package_identification:_identify(src/moveit_cpp_planners) by extensions ['ignore', 'ignore_ament_install']
[0.134s] Level 1:colcon.colcon_core.package_identification:_identify(src/moveit_cpp_planners) by extension 'ignore'
[0.134s] Level 1:colcon.colcon_core.package_identification:_identify(src/moveit_cpp_planners) by extension 'ignore_ament_install'
[0.134s] Level 1:colcon.colcon_core.package_identification:_identify(src/moveit_cpp_planners) by extensions ['colcon_pkg']
[0.134s] Level 1:colcon.colcon_core.package_identification:_identify(src/moveit_cpp_planners) by extension 'colcon_pkg'
[0.134s] Level 1:colcon.colcon_core.package_identification:_identify(src/moveit_cpp_planners) by extensions ['colcon_meta']
[0.134s] Level 1:colcon.colcon_core.package_identification:_identify(src/moveit_cpp_planners) by extension 'colcon_meta'
[0.134s] Level 1:colcon.colcon_core.package_identification:_identify(src/moveit_cpp_planners) by extensions ['ros']
[0.134s] Level 1:colcon.colcon_core.package_identification:_identify(src/moveit_cpp_planners) by extension 'ros'
[0.136s] DEBUG:colcon.colcon_core.package_identification:Package 'src/moveit_cpp_planners' with type 'ros.ament_cmake' and name 'moveit_cpp_planners'
[0.136s] Level 1:colcon.colcon_core.package_identification:_identify(src/ur_py_control) by extensions ['ignore', 'ignore_ament_install']
[0.136s] Level 1:colcon.colcon_core.package_identification:_identify(src/ur_py_control) by extension 'ignore'
[0.136s] Level 1:colcon.colcon_core.package_identification:_identify(src/ur_py_control) by extension 'ignore_ament_install'
[0.136s] Level 1:colcon.colcon_core.package_identification:_identify(src/ur_py_control) by extensions ['colcon_pkg']
[0.136s] Level 1:colcon.colcon_core.package_identification:_identify(src/ur_py_control) by extension 'colcon_pkg'
[0.136s] Level 1:colcon.colcon_core.package_identification:_identify(src/ur_py_control) by extensions ['colcon_meta']
[0.136s] Level 1:colcon.colcon_core.package_identification:_identify(src/ur_py_control) by extension 'colcon_meta'
[0.136s] Level 1:colcon.colcon_core.package_identification:_identify(src/ur_py_control) by extensions ['ros']
[0.136s] Level 1:colcon.colcon_core.package_identification:_identify(src/ur_py_control) by extension 'ros'
[0.136s] DEBUG:colcon.colcon_core.package_identification:Package 'src/ur_py_control' with type 'ros.ament_python' and name 'ur_py_control'
[0.136s] Level 1:colcon.colcon_core.package_discovery:discover_packages(recursive) using defaults
[0.137s] Level 1:colcon.colcon_core.package_discovery:discover_packages(ignore) discover
[0.137s] Level 1:colcon.colcon_core.package_discovery:discover_packages(ignore) using defaults
[0.137s] Level 1:colcon.colcon_core.package_discovery:discover_packages(path) discover
[0.137s] Level 1:colcon.colcon_core.package_discovery:discover_packages(path) using defaults
[0.149s] Level 5:colcon.colcon_core.verb:set package 'moveit_cpp_planners' build argument 'cmake_args' from command line to 'None'
[0.149s] Level 5:colcon.colcon_core.verb:set package 'moveit_cpp_planners' build argument 'cmake_target' from command line to 'None'
[0.149s] Level 5:colcon.colcon_core.verb:set package 'moveit_cpp_planners' build argument 'cmake_target_skip_unavailable' from command line to 'False'
[0.149s] Level 5:colcon.colcon_core.verb:set package 'moveit_cpp_planners' build argument 'cmake_clean_cache' from command line to 'False'
[0.149s] Level 5:colcon.colcon_core.verb:set package 'moveit_cpp_planners' build argument 'cmake_clean_first' from command line to 'False'
[0.149s] Level 5:colcon.colcon_core.verb:set package 'moveit_cpp_planners' build argument 'cmake_force_configure' from command line to 'False'
[0.149s] Level 5:colcon.colcon_core.verb:set package 'moveit_cpp_planners' build argument 'ament_cmake_args' from command line to 'None'
[0.149s] Level 5:colcon.colcon_core.verb:set package 'moveit_cpp_planners' build argument 'catkin_cmake_args' from command line to 'None'
[0.149s] Level 5:colcon.colcon_core.verb:set package 'moveit_cpp_planners' build argument 'catkin_skip_building_tests' from command line to 'False'
[0.149s] DEBUG:colcon.colcon_core.verb:Building package 'moveit_cpp_planners' with the following arguments: {'ament_cmake_args': None, 'build_base': '/root/Shared/moveit_ws/build/moveit_cpp_planners', 'catkin_cmake_args': None, 'catkin_skip_building_tests': False, 'cmake_args': None, 'cmake_clean_cache': False, 'cmake_clean_first': False, 'cmake_force_configure': False, 'cmake_target': None, 'cmake_target_skip_unavailable': False, 'install_base': '/root/Shared/moveit_ws/install/moveit_cpp_planners', 'merge_install': False, 'path': '/root/Shared/moveit_ws/src/moveit_cpp_planners', 'symlink_install': False, 'test_result_base': None}
[0.150s] Level 5:colcon.colcon_core.verb:set package 'ur_py_control' build argument 'cmake_args' from command line to 'None'
[0.150s] Level 5:colcon.colcon_core.verb:set package 'ur_py_control' build argument 'cmake_target' from command line to 'None'
[0.150s] Level 5:colcon.colcon_core.verb:set package 'ur_py_control' build argument 'cmake_target_skip_unavailable' from command line to 'False'
[0.150s] Level 5:colcon.colcon_core.verb:set package 'ur_py_control' build argument 'cmake_clean_cache' from command line to 'False'
[0.150s] Level 5:colcon.colcon_core.verb:set package 'ur_py_control' build argument 'cmake_clean_first' from command line to 'False'
[0.150s] Level 5:colcon.colcon_core.verb:set package 'ur_py_control' build argument 'cmake_force_configure' from command line to 'False'
[0.150s] Level 5:colcon.colcon_core.verb:set package 'ur_py_control' build argument 'ament_cmake_args' from command line to 'None'
[0.150s] Level 5:colcon.colcon_core.verb:set package 'ur_py_control' build argument 'catkin_cmake_args' from command line to 'None'
[0.150s] Level 5:colcon.colcon_core.verb:set package 'ur_py_control' build argument 'catkin_skip_building_tests' from command line to 'False'
[0.150s] DEBUG:colcon.colcon_core.verb:Building package 'ur_py_control' with the following arguments: {'ament_cmake_args': None, 'build_base': '/root/Shared/moveit_ws/build/ur_py_control', 'catkin_cmake_args': None, 'catkin_skip_building_tests': False, 'cmake_args': None, 'cmake_clean_cache': False, 'cmake_clean_first': False, 'cmake_force_configure': False, 'cmake_target': None, 'cmake_target_skip_unavailable': False, 'install_base': '/root/Shared/moveit_ws/install/ur_py_control', 'merge_install': False, 'path': '/root/Shared/moveit_ws/src/ur_py_control', 'symlink_install': False, 'test_result_base': None}
[0.150s] INFO:colcon.colcon_core.executor:Executing jobs using 'parallel' executor
[0.150s] DEBUG:colcon.colcon_parallel_executor.executor.parallel:run_until_complete
[0.151s] INFO:colcon.colcon_ros.task.ament_cmake.build:Building ROS package in '/root/Shared/moveit_ws/src/moveit_cpp_planners' with build type 'ament_cmake'
[0.151s] INFO:colcon.colcon_cmake.task.cmake.build:Building CMake package in '/root/Shared/moveit_ws/src/moveit_cpp_planners'
[0.153s] INFO:colcon.colcon_core.plugin_system:Skipping extension 'colcon_core.shell.bat': Not used on non-Windows systems
[0.153s] INFO:colcon.colcon_core.shell:Skip shell extension 'powershell' for command environment: Not usable outside of PowerShell
[0.153s] DEBUG:colcon.colcon_core.shell:Skip shell extension 'dsv' for command environment
[0.157s] INFO:colcon.colcon_ros.task.ament_python.build:Building ROS package in '/root/Shared/moveit_ws/src/ur_py_control' with build type 'ament_python'
[0.157s] Level 1:colcon.colcon_core.shell:create_environment_hook('ur_py_control', 'ament_prefix_path')
[0.157s] INFO:colcon.colcon_core.shell:Creating environment hook '/root/Shared/moveit_ws/install/ur_py_control/share/ur_py_control/hook/ament_prefix_path.ps1'
[0.158s] INFO:colcon.colcon_core.shell:Creating environment descriptor '/root/Shared/moveit_ws/install/ur_py_control/share/ur_py_control/hook/ament_prefix_path.dsv'
[0.158s] INFO:colcon.colcon_core.shell:Creating environment hook '/root/Shared/moveit_ws/install/ur_py_control/share/ur_py_control/hook/ament_prefix_path.sh'
[0.158s] INFO:colcon.colcon_core.shell:Skip shell extension 'powershell' for command environment: Not usable outside of PowerShell
[0.158s] DEBUG:colcon.colcon_core.shell:Skip shell extension 'dsv' for command environment
[0.164s] DEBUG:colcon.colcon_core.event_handler.log_command:Invoking command in '/root/Shared/moveit_ws/build/moveit_cpp_planners': CMAKE_PREFIX_PATH=${CMAKE_PREFIX_PATH}:/opt/ros/jazzy /usr/bin/cmake /root/Shared/moveit_ws/src/moveit_cpp_planners -DCMAKE_INSTALL_PREFIX=/root/Shared/moveit_ws/install/moveit_cpp_planners
[0.330s] INFO:colcon.colcon_core.task.python.build:Building Python package in '/root/Shared/moveit_ws/src/ur_py_control'
[0.330s] INFO:colcon.colcon_core.shell:Skip shell extension 'powershell' for command environment: Not usable outside of PowerShell
[0.330s] DEBUG:colcon.colcon_core.shell:Skip shell extension 'dsv' for command environment
[0.795s] DEBUG:colcon.colcon_core.event_handler.log_command:Invoking command in '/root/Shared/moveit_ws/src/ur_py_control': PYTHONPATH=/root/Shared/moveit_ws/build/ur_py_control/prefix_override:/usr/lib/python3/dist-packages/colcon_core/task/python/colcon_distutils_commands:/root/Shared/moveit_ws/install/ur_py_control/lib/python3.12/site-packages:${PYTHONPATH} /usr/bin/python3 -W ignore:setup.py install is deprecated -W ignore:easy_install command is deprecated setup.py egg_info --egg-base ../../build/ur_py_control build --build-base /root/Shared/moveit_ws/build/ur_py_control/build install --record /root/Shared/moveit_ws/build/ur_py_control/install.log --single-version-externally-managed install_data
[0.887s] DEBUG:colcon.colcon_core.event_handler.log_command:Invoked command in '/root/Shared/moveit_ws/build/moveit_cpp_planners' returned '0': CMAKE_PREFIX_PATH=${CMAKE_PREFIX_PATH}:/opt/ros/jazzy /usr/bin/cmake /root/Shared/moveit_ws/src/moveit_cpp_planners -DCMAKE_INSTALL_PREFIX=/root/Shared/moveit_ws/install/moveit_cpp_planners
[0.888s] DEBUG:colcon.colcon_core.event_handler.log_command:Invoking command in '/root/Shared/moveit_ws/build/moveit_cpp_planners': CMAKE_PREFIX_PATH=${CMAKE_PREFIX_PATH}:/opt/ros/jazzy /usr/bin/cmake --build /root/Shared/moveit_ws/build/moveit_cpp_planners -- -j16 -l16
[0.928s] DEBUG:colcon.colcon_core.event_handler.log_command:Invoked command in '/root/Shared/moveit_ws/build/moveit_cpp_planners' returned '0': CMAKE_PREFIX_PATH=${CMAKE_PREFIX_PATH}:/opt/ros/jazzy /usr/bin/cmake --build /root/Shared/moveit_ws/build/moveit_cpp_planners -- -j16 -l16
[0.937s] DEBUG:colcon.colcon_core.event_handler.log_command:Invoking command in '/root/Shared/moveit_ws/build/moveit_cpp_planners': CMAKE_PREFIX_PATH=${CMAKE_PREFIX_PATH}:/opt/ros/jazzy /usr/bin/cmake --install /root/Shared/moveit_ws/build/moveit_cpp_planners
[0.948s] Level 1:colcon.colcon_core.environment:create_environment_scripts_only(moveit_cpp_planners)
[0.949s] DEBUG:colcon.colcon_core.event_handler.log_command:Invoked command in '/root/Shared/moveit_ws/build/moveit_cpp_planners' returned '0': CMAKE_PREFIX_PATH=${CMAKE_PREFIX_PATH}:/opt/ros/jazzy /usr/bin/cmake --install /root/Shared/moveit_ws/build/moveit_cpp_planners
[0.950s] Level 1:colcon.colcon_core.environment:checking '/root/Shared/moveit_ws/install/moveit_cpp_planners' for CMake module files
[0.951s] Level 1:colcon.colcon_core.environment:checking '/root/Shared/moveit_ws/install/moveit_cpp_planners' for CMake config files
[0.951s] Level 1:colcon.colcon_core.shell:create_environment_hook('moveit_cpp_planners', 'cmake_prefix_path')
[0.951s] INFO:colcon.colcon_core.shell:Creating environment hook '/root/Shared/moveit_ws/install/moveit_cpp_planners/share/moveit_cpp_planners/hook/cmake_prefix_path.ps1'
[0.952s] INFO:colcon.colcon_core.shell:Creating environment descriptor '/root/Shared/moveit_ws/install/moveit_cpp_planners/share/moveit_cpp_planners/hook/cmake_prefix_path.dsv'
[0.952s] INFO:colcon.colcon_core.shell:Creating environment hook '/root/Shared/moveit_ws/install/moveit_cpp_planners/share/moveit_cpp_planners/hook/cmake_prefix_path.sh'
[0.952s] Level 1:colcon.colcon_core.environment:checking '/root/Shared/moveit_ws/install/moveit_cpp_planners/bin'
[0.952s] Level 1:colcon.colcon_core.environment:checking '/root/Shared/moveit_ws/install/moveit_cpp_planners/lib/pkgconfig/moveit_cpp_planners.pc'
[0.953s] Level 1:colcon.colcon_core.environment:checking '/root/Shared/moveit_ws/install/moveit_cpp_planners/lib/python3.12/site-packages'
[0.953s] Level 1:colcon.colcon_core.environment:checking '/root/Shared/moveit_ws/install/moveit_cpp_planners/bin'
[0.953s] INFO:colcon.colcon_core.shell:Creating package script '/root/Shared/moveit_ws/install/moveit_cpp_planners/share/moveit_cpp_planners/package.ps1'
[0.953s] INFO:colcon.colcon_core.shell:Creating package descriptor '/root/Shared/moveit_ws/install/moveit_cpp_planners/share/moveit_cpp_planners/package.dsv'
[0.954s] INFO:colcon.colcon_core.shell:Creating package script '/root/Shared/moveit_ws/install/moveit_cpp_planners/share/moveit_cpp_planners/package.sh'
[0.954s] INFO:colcon.colcon_core.shell:Creating package script '/root/Shared/moveit_ws/install/moveit_cpp_planners/share/moveit_cpp_planners/package.bash'
[0.955s] INFO:colcon.colcon_core.shell:Creating package script '/root/Shared/moveit_ws/install/moveit_cpp_planners/share/moveit_cpp_planners/package.zsh'
[0.955s] Level 1:colcon.colcon_core.environment:create_file_with_runtime_dependencies(/root/Shared/moveit_ws/install/moveit_cpp_planners/share/colcon-core/packages/moveit_cpp_planners)
[0.956s] Level 1:colcon.colcon_core.environment:create_environment_scripts_only(moveit_cpp_planners)
[0.956s] Level 1:colcon.colcon_core.environment:checking '/root/Shared/moveit_ws/install/moveit_cpp_planners' for CMake module files
[0.956s] Level 1:colcon.colcon_core.environment:checking '/root/Shared/moveit_ws/install/moveit_cpp_planners' for CMake config files
[0.956s] Level 1:colcon.colcon_core.shell:create_environment_hook('moveit_cpp_planners', 'cmake_prefix_path')
[0.956s] INFO:colcon.colcon_core.shell:Creating environment hook '/root/Shared/moveit_ws/install/moveit_cpp_planners/share/moveit_cpp_planners/hook/cmake_prefix_path.ps1'
[0.957s] INFO:colcon.colcon_core.shell:Creating environment descriptor '/root/Shared/moveit_ws/install/moveit_cpp_planners/share/moveit_cpp_planners/hook/cmake_prefix_path.dsv'
[0.957s] INFO:colcon.colcon_core.shell:Creating environment hook '/root/Shared/moveit_ws/install/moveit_cpp_planners/share/moveit_cpp_planners/hook/cmake_prefix_path.sh'
[0.957s] Level 1:colcon.colcon_core.environment:checking '/root/Shared/moveit_ws/install/moveit_cpp_planners/bin'
[0.957s] Level 1:colcon.colcon_core.environment:checking '/root/Shared/moveit_ws/install/moveit_cpp_planners/lib/pkgconfig/moveit_cpp_planners.pc'
[0.957s] Level 1:colcon.colcon_core.environment:checking '/root/Shared/moveit_ws/install/moveit_cpp_planners/lib/python3.12/site-packages'
[0.958s] Level 1:colcon.colcon_core.environment:checking '/root/Shared/moveit_ws/install/moveit_cpp_planners/bin'
[0.958s] INFO:colcon.colcon_core.shell:Creating package script '/root/Shared/moveit_ws/install/moveit_cpp_planners/share/moveit_cpp_planners/package.ps1'
[0.958s] INFO:colcon.colcon_core.shell:Creating package descriptor '/root/Shared/moveit_ws/install/moveit_cpp_planners/share/moveit_cpp_planners/package.dsv'
[0.958s] INFO:colcon.colcon_core.shell:Creating package script '/root/Shared/moveit_ws/install/moveit_cpp_planners/share/moveit_cpp_planners/package.sh'
[0.959s] INFO:colcon.colcon_core.shell:Creating package script '/root/Shared/moveit_ws/install/moveit_cpp_planners/share/moveit_cpp_planners/package.bash'
[0.959s] INFO:colcon.colcon_core.shell:Creating package script '/root/Shared/moveit_ws/install/moveit_cpp_planners/share/moveit_cpp_planners/package.zsh'
[0.959s] Level 1:colcon.colcon_core.environment:create_file_with_runtime_dependencies(/root/Shared/moveit_ws/install/moveit_cpp_planners/share/colcon-core/packages/moveit_cpp_planners)
[1.212s] Level 1:colcon.colcon_core.environment:checking '/root/Shared/moveit_ws/install/ur_py_control' for CMake module files
[1.213s] DEBUG:colcon.colcon_core.event_handler.log_command:Invoked command in '/root/Shared/moveit_ws/src/ur_py_control' returned '0': PYTHONPATH=/root/Shared/moveit_ws/build/ur_py_control/prefix_override:/usr/lib/python3/dist-packages/colcon_core/task/python/colcon_distutils_commands:/root/Shared/moveit_ws/install/ur_py_control/lib/python3.12/site-packages:${PYTHONPATH} /usr/bin/python3 -W ignore:setup.py install is deprecated -W ignore:easy_install command is deprecated setup.py egg_info --egg-base ../../build/ur_py_control build --build-base /root/Shared/moveit_ws/build/ur_py_control/build install --record /root/Shared/moveit_ws/build/ur_py_control/install.log --single-version-externally-managed install_data
[1.213s] Level 1:colcon.colcon_core.environment:checking '/root/Shared/moveit_ws/install/ur_py_control' for CMake config files
[1.213s] Level 1:colcon.colcon_core.environment:checking '/root/Shared/moveit_ws/install/ur_py_control/lib'
[1.213s] Level 1:colcon.colcon_core.environment:checking '/root/Shared/moveit_ws/install/ur_py_control/bin'
[1.214s] Level 1:colcon.colcon_core.environment:checking '/root/Shared/moveit_ws/install/ur_py_control/lib/pkgconfig/ur_py_control.pc'
[1.214s] Level 1:colcon.colcon_core.environment:checking '/root/Shared/moveit_ws/install/ur_py_control/lib/python3.12/site-packages'
[1.214s] Level 1:colcon.colcon_core.shell:create_environment_hook('ur_py_control', 'pythonpath')
[1.214s] INFO:colcon.colcon_core.shell:Creating environment hook '/root/Shared/moveit_ws/install/ur_py_control/share/ur_py_control/hook/pythonpath.ps1'
[1.214s] INFO:colcon.colcon_core.shell:Creating environment descriptor '/root/Shared/moveit_ws/install/ur_py_control/share/ur_py_control/hook/pythonpath.dsv'
[1.215s] INFO:colcon.colcon_core.shell:Creating environment hook '/root/Shared/moveit_ws/install/ur_py_control/share/ur_py_control/hook/pythonpath.sh'
[1.215s] Level 1:colcon.colcon_core.environment:checking '/root/Shared/moveit_ws/install/ur_py_control/bin'
[1.215s] Level 1:colcon.colcon_core.environment:create_environment_scripts_only(ur_py_control)
[1.215s] INFO:colcon.colcon_core.shell:Creating package script '/root/Shared/moveit_ws/install/ur_py_control/share/ur_py_control/package.ps1'
[1.216s] INFO:colcon.colcon_core.shell:Creating package descriptor '/root/Shared/moveit_ws/install/ur_py_control/share/ur_py_control/package.dsv'
[1.216s] INFO:colcon.colcon_core.shell:Creating package script '/root/Shared/moveit_ws/install/ur_py_control/share/ur_py_control/package.sh'
[1.216s] INFO:colcon.colcon_core.shell:Creating package script '/root/Shared/moveit_ws/install/ur_py_control/share/ur_py_control/package.bash'
[1.216s] INFO:colcon.colcon_core.shell:Creating package script '/root/Shared/moveit_ws/install/ur_py_control/share/ur_py_control/package.zsh'
[1.217s] Level 1:colcon.colcon_core.environment:create_file_with_runtime_dependencies(/root/Shared/moveit_ws/install/ur_py_control/share/colcon-core/packages/ur_py_control)
[1.217s] DEBUG:colcon.colcon_parallel_executor.executor.parallel:closing loop
[1.217s] DEBUG:colcon.colcon_parallel_executor.executor.parallel:loop closed
[1.217s] DEBUG:colcon.colcon_parallel_executor.executor.parallel:run_until_complete finished with '0'
[1.217s] DEBUG:colcon.colcon_core.event_reactor:joining thread
[1.223s] INFO:colcon.colcon_core.plugin_system:Skipping extension 'colcon_notification.desktop_notification.notify_send': Could not find 'notify-send'
[1.223s] INFO:colcon.colcon_core.plugin_system:Skipping extension 'colcon_notification.desktop_notification.terminal_notifier': Not used on non-Darwin systems
[1.223s] INFO:colcon.colcon_core.plugin_system:Skipping extension 'colcon_notification.desktop_notification.win32': Not used on non-Windows systems
[1.223s] INFO:colcon.colcon_notification.desktop_notification:Sending desktop notification using 'notify2'
[1.226s] DEBUG:colcon.colcon_notification.desktop_notification.notify2:Failed to initialize notify2: org.freedesktop.DBus.Error.Spawn.ExecFailed: /usr/bin/dbus-launch terminated abnormally without any error message
[1.226s] DEBUG:colcon.colcon_core.event_reactor:joined thread
[1.227s] INFO:colcon.colcon_core.shell:Creating prefix script '/root/Shared/moveit_ws/install/local_setup.ps1'
[1.227s] INFO:colcon.colcon_core.shell:Creating prefix util module '/root/Shared/moveit_ws/install/_local_setup_util_ps1.py'
[1.229s] INFO:colcon.colcon_core.shell:Creating prefix chain script '/root/Shared/moveit_ws/install/setup.ps1'
[1.229s] INFO:colcon.colcon_core.shell:Creating prefix script '/root/Shared/moveit_ws/install/local_setup.sh'
[1.230s] INFO:colcon.colcon_core.shell:Creating prefix util module '/root/Shared/moveit_ws/install/_local_setup_util_sh.py'
[1.230s] INFO:colcon.colcon_core.shell:Creating prefix chain script '/root/Shared/moveit_ws/install/setup.sh'
[1.231s] INFO:colcon.colcon_core.shell:Creating prefix script '/root/Shared/moveit_ws/install/local_setup.bash'
[1.231s] INFO:colcon.colcon_core.shell:Creating prefix chain script '/root/Shared/moveit_ws/install/setup.bash'
[1.232s] INFO:colcon.colcon_core.shell:Creating prefix script '/root/Shared/moveit_ws/install/local_setup.zsh'
[1.232s] INFO:colcon.colcon_core.shell:Creating prefix chain script '/root/Shared/moveit_ws/install/setup.zsh'
