In file included from [01m[K/root/Shared/moveit_ws/src/moveit_cpp_planners/src/kinematics.cpp:4[m[K:
[01m[K/opt/ros/jazzy/include/moveit_ros_planning_interface/moveit/move_group_interface/move_group_interface.h:51:77:[m[K [01;36m[Knote: [m[K‘[01m[K#pragma message: .h header is obsolete. Please use the .hpp header instead.[m[K’
   51 | #pragma message(".h header is obsolete. Please use the .hpp header instead."[01;36m[K)[m[K
      |                                                                             [01;36m[K^[m[K
In file included from [01m[K/root/Shared/moveit_ws/src/moveit_cpp_planners/src/check_collisions.cpp:6[m[K:
[01m[K/opt/ros/jazzy/include/moveit_ros_planning_interface/moveit/move_group_interface/move_group_interface.h:51:77:[m[K [01;36m[Knote: [m[K‘[01m[K#pragma message: .h header is obsolete. Please use the .hpp header instead.[m[K’
   51 | #pragma message(".h header is obsolete. Please use the .hpp header instead."[01;36m[K)[m[K
      |                                                                             [01;36m[K^[m[K
In file included from [01m[K/root/Shared/moveit_ws/src/moveit_cpp_planners/src/hello_moveit.cpp:6[m[K:
[01m[K/opt/ros/jazzy/include/moveit_ros_planning_interface/moveit/move_group_interface/move_group_interface.h:51:77:[m[K [01;36m[Knote: [m[K‘[01m[K#pragma message: .h header is obsolete. Please use the .hpp header instead.[m[K’
   51 | #pragma message(".h header is obsolete. Please use the .hpp header instead."[01;36m[K)[m[K
      |                                                                             [01;36m[K^[m[K
In file included from [01m[K/root/Shared/moveit_ws/src/moveit_cpp_planners/src/planning_scene_service.cpp:6[m[K:
[01m[K/opt/ros/jazzy/include/moveit_ros_planning_interface/moveit/move_group_interface/move_group_interface.h:51:77:[m[K [01;36m[Knote: [m[K‘[01m[K#pragma message: .h header is obsolete. Please use the .hpp header instead.[m[K’
   51 | #pragma message(".h header is obsolete. Please use the .hpp header instead."[01;36m[K)[m[K
      |                                                                             [01;36m[K^[m[K
In file included from [01m[K/root/Shared/moveit_ws/src/moveit_cpp_planners/src/check_collisions.cpp:7[m[K:
[01m[K/opt/ros/jazzy/include/moveit_ros_planning/moveit/robot_model_loader/robot_model_loader.h:50:77:[m[K [01;36m[Knote: [m[K‘[01m[K#pragma message: .h header is obsolete. Please use the .hpp header instead.[m[K’
   50 | #pragma message(".h header is obsolete. Please use the .hpp header instead."[01;36m[K)[m[K
      |                                                                             [01;36m[K^[m[K
In file included from [01m[K/root/Shared/moveit_ws/src/moveit_cpp_planners/src/kinematics.cpp:5[m[K:
[01m[K/opt/ros/jazzy/include/moveit_ros_planning/moveit/robot_model_loader/robot_model_loader.h:50:77:[m[K [01;36m[Knote: [m[K‘[01m[K#pragma message: .h header is obsolete. Please use the .hpp header instead.[m[K’
   50 | #pragma message(".h header is obsolete. Please use the .hpp header instead."[01;36m[K)[m[K
      |                                                                             [01;36m[K^[m[K
In file included from [01m[K/root/Shared/moveit_ws/src/moveit_cpp_planners/src/check_collisions.cpp:8[m[K:
[01m[K/opt/ros/jazzy/include/moveit_core/moveit/robot_model/robot_model.h:51:77:[m[K [01;36m[Knote: [m[K‘[01m[K#pragma message: .h header is obsolete. Please use the .hpp header instead.[m[K’
   51 | #pragma message(".h header is obsolete. Please use the .hpp header instead."[01;36m[K)[m[K
      |                                                                             [01;36m[K^[m[K
In file included from [01m[K/root/Shared/moveit_ws/src/moveit_cpp_planners/src/check_collisions.cpp:9[m[K:
[01m[K/opt/ros/jazzy/include/moveit_core/moveit/robot_state/robot_state.h:51:77:[m[K [01;36m[Knote: [m[K‘[01m[K#pragma message: .h header is obsolete. Please use the .hpp header instead.[m[K’
   51 | #pragma message(".h header is obsolete. Please use the .hpp header instead."[01;36m[K)[m[K
      |                                                                             [01;36m[K^[m[K
In file included from [01m[K/root/Shared/moveit_ws/src/moveit_cpp_planners/src/check_collisions.cpp:10[m[K:
[01m[K/opt/ros/jazzy/include/moveit_core/moveit/planning_scene/planning_scene.h:50:77:[m[K [01;36m[Knote: [m[K‘[01m[K#pragma message: .h header is obsolete. Please use the .hpp header instead.[m[K’
   50 | #pragma message(".h header is obsolete. Please use the .hpp header instead."[01;36m[K)[m[K
      |                                                                             [01;36m[K^[m[K
In file included from [01m[K/root/Shared/moveit_ws/src/moveit_cpp_planners/src/kinematics.cpp:6[m[K:
[01m[K/opt/ros/jazzy/include/moveit_core/moveit/robot_model/robot_model.h:51:77:[m[K [01;36m[Knote: [m[K‘[01m[K#pragma message: .h header is obsolete. Please use the .hpp header instead.[m[K’
   51 | #pragma message(".h header is obsolete. Please use the .hpp header instead."[01;36m[K)[m[K
      |                                                                             [01;36m[K^[m[K
In file included from [01m[K/root/Shared/moveit_ws/src/moveit_cpp_planners/src/kinematics.cpp:7[m[K:
[01m[K/opt/ros/jazzy/include/moveit_core/moveit/robot_state/robot_state.h:51:77:[m[K [01;36m[Knote: [m[K‘[01m[K#pragma message: .h header is obsolete. Please use the .hpp header instead.[m[K’
   51 | #pragma message(".h header is obsolete. Please use the .hpp header instead."[01;36m[K)[m[K
      |                                                                             [01;36m[K^[m[K
In file included from [01m[K/root/Shared/moveit_ws/src/moveit_cpp_planners/src/check_collisions.cpp:12[m[K:
[01m[K/opt/ros/jazzy/include/moveit_core/moveit/kinematic_constraints/utils.h:50:77:[m[K [01;36m[Knote: [m[K‘[01m[K#pragma message: .h header is obsolete. Please use the .hpp header instead.[m[K’
   50 | #pragma message(".h header is obsolete. Please use the .hpp header instead."[01;36m[K)[m[K
      |                                                                             [01;36m[K^[m[K
In file included from [01m[K/root/Shared/moveit_ws/src/moveit_cpp_planners/src/planning_scene_service.cpp:7[m[K:
[01m[K/opt/ros/jazzy/include/moveit_ros_planning/moveit/robot_model_loader/robot_model_loader.h:50:77:[m[K [01;36m[Knote: [m[K‘[01m[K#pragma message: .h header is obsolete. Please use the .hpp header instead.[m[K’
   50 | #pragma message(".h header is obsolete. Please use the .hpp header instead."[01;36m[K)[m[K
      |                                                                             [01;36m[K^[m[K
In file included from [01m[K/root/Shared/moveit_ws/src/moveit_cpp_planners/src/planning_scene_service.cpp:8[m[K:
[01m[K/opt/ros/jazzy/include/moveit_core/moveit/robot_model/robot_model.h:51:77:[m[K [01;36m[Knote: [m[K‘[01m[K#pragma message: .h header is obsolete. Please use the .hpp header instead.[m[K’
   51 | #pragma message(".h header is obsolete. Please use the .hpp header instead."[01;36m[K)[m[K
      |                                                                             [01;36m[K^[m[K
In file included from [01m[K/root/Shared/moveit_ws/src/moveit_cpp_planners/src/planning_scene_service.cpp:9[m[K:
[01m[K/opt/ros/jazzy/include/moveit_core/moveit/robot_state/robot_state.h:51:77:[m[K [01;36m[Knote: [m[K‘[01m[K#pragma message: .h header is obsolete. Please use the .hpp header instead.[m[K’
   51 | #pragma message(".h header is obsolete. Please use the .hpp header instead."[01;36m[K)[m[K
      |                                                                             [01;36m[K^[m[K
In file included from [01m[K/root/Shared/moveit_ws/src/moveit_cpp_planners/src/planning_scene_service.cpp:10[m[K:
[01m[K/opt/ros/jazzy/include/moveit_core/moveit/planning_scene/planning_scene.h:50:77:[m[K [01;36m[Knote: [m[K‘[01m[K#pragma message: .h header is obsolete. Please use the .hpp header instead.[m[K’
   50 | #pragma message(".h header is obsolete. Please use the .hpp header instead."[01;36m[K)[m[K
      |                                                                             [01;36m[K^[m[K
In file included from [01m[K/root/Shared/moveit_ws/src/moveit_cpp_planners/src/planning_scene_service.cpp:11[m[K:
[01m[K/opt/ros/jazzy/include/moveit_ros_planning_interface/moveit/planning_scene_interface/planning_scene_interface.h:50:77:[m[K [01;36m[Knote: [m[K‘[01m[K#pragma message: .h header is obsolete. Please use the .hpp header instead.[m[K’
   50 | #pragma message(".h header is obsolete. Please use the .hpp header instead."[01;36m[K)[m[K
      |                                                                             [01;36m[K^[m[K
In file included from [01m[K/root/Shared/moveit_ws/src/moveit_cpp_planners/src/planning_scene_service.cpp:14[m[K:
[01m[K/opt/ros/jazzy/include/moveit_core/moveit/kinematic_constraints/utils.h:50:77:[m[K [01;36m[Knote: [m[K‘[01m[K#pragma message: .h header is obsolete. Please use the .hpp header instead.[m[K’
   50 | #pragma message(".h header is obsolete. Please use the .hpp header instead."[01;36m[K)[m[K
      |                                                                             [01;36m[K^[m[K
[01m[K/root/Shared/moveit_ws/src/moveit_cpp_planners/src/planning_scene_chomp.cpp:[m[K In function ‘[01m[Kint[01;32m[K main[m[K(int, char**)[m[K’:
[01m[K/root/Shared/moveit_ws/src/moveit_cpp_planners/src/planning_scene_chomp.cpp:35:11:[m[K [01;31m[Kerror: [m[K‘[01m[Kstruct moveit::planning_interface::MoveGroupInterface::Options[m[K’ has no member named ‘[01m[Kplanning_pipeline_id[m[K’
   35 |   options.[01;31m[Kplanning_pipeline_id[m[K = "chomp";
      |           [01;31m[K^~~~~~~~~~~~~~~~~~~~[m[K
[01m[K/root/Shared/moveit_ws/src/moveit_cpp_planners/src/planning_scene_stomp.cpp:[m[K In function ‘[01m[Kint[01;32m[K main[m[K(int, char**)[m[K’:
[01m[K/root/Shared/moveit_ws/src/moveit_cpp_planners/src/planning_scene_stomp.cpp:35:11:[m[K [01;31m[Kerror: [m[K‘[01m[Kstruct moveit::planning_interface::MoveGroupInterface::Options[m[K’ has no member named ‘[01m[Kplanning_pipeline_id[m[K’
   35 |   options.[01;31m[Kplanning_pipeline_id[m[K = "stomp";
      |           [01;31m[K^~~~~~~~~~~~~~~~~~~~[m[K
gmake[2]: *** [CMakeFiles/planning_scene_chomp.dir/build.make:76: CMakeFiles/planning_scene_chomp.dir/src/planning_scene_chomp.cpp.o] Error 1
gmake[1]: *** [CMakeFiles/Makefile2:279: CMakeFiles/planning_scene_chomp.dir/all] Error 2
gmake[1]: *** Waiting for unfinished jobs....
gmake[2]: *** [CMakeFiles/planning_scene_stomp.dir/build.make:76: CMakeFiles/planning_scene_stomp.dir/src/planning_scene_stomp.cpp.o] Error 1
gmake[1]: *** [CMakeFiles/Makefile2:253: CMakeFiles/planning_scene_stomp.dir/all] Error 2
gmake: *** [Makefile:146: all] Error 2
