[0.013s] Invoking command in '/root/Shared/moveit_ws/build/moveit_cpp_planners': CMAKE_PREFIX_PATH=${CMAKE_PREFIX_PATH}:/opt/ros/jazzy /usr/bin/cmake --build /root/Shared/moveit_ws/build/moveit_cpp_planners -- -j16 -l16
[0.037s] -- Found ament_cmake: 2.5.4 (/opt/ros/jazzy/share/ament_cmake/cmake)
[0.222s] -- Found rclcpp: 28.1.9 (/opt/ros/jazzy/share/rclcpp/cmake)
[0.285s] -- Found rosidl_generator_c: 4.6.5 (/opt/ros/jazzy/share/rosidl_generator_c/cmake)
[0.305s] -- Found rosidl_generator_cpp: 4.6.5 (/opt/ros/jazzy/share/rosidl_generator_cpp/cmake)
[0.328s] -- Using all available rosidl_typesupport_c: rosidl_typesupport_fastrtps_c;rosidl_typesupport_introspection_c
[0.353s] -- Using all available rosidl_typesupport_cpp: rosidl_typesupport_fastrtps_cpp;rosidl_typesupport_introspection_cpp
[0.450s] -- Found rmw_implementation_cmake: 7.3.2 (/opt/ros/jazzy/share/rmw_implementation_cmake/cmake)
[0.456s] -- Found rmw_fastrtps_cpp: 8.4.2 (/opt/ros/jazzy/share/rmw_fastrtps_cpp/cmake)
[0.552s] -- Found OpenSSL: /usr/lib/x86_64-linux-gnu/libcrypto.so (found version "3.0.13")  
[0.568s] -- Found FastRTPS: /opt/ros/jazzy/include (Required is at least version "2.13") 
[0.588s] -- Using RMW implementation 'rmw_fastrtps_cpp' as default
[0.676s] -- Found moveit_ros_planning_interface: 2.12.3 (/opt/ros/jazzy/share/moveit_ros_planning_interface/cmake)
[0.813s] -- Found Boost: /usr/lib/x86_64-linux-gnu/cmake/Boost-1.83.0/BoostConfig.cmake (found version "1.83.0") found components: date_time filesystem program_options system thread 
[1.109s] -- Found Boost: /usr/lib/x86_64-linux-gnu/cmake/Boost-1.83.0/BoostConfig.cmake (found version "1.83.0") found components: chrono date_time filesystem iostreams program_options regex serialization system thread 
[1.194s] -- Found parameter_traits: 0.4.0 (/opt/ros/jazzy/share/parameter_traits/cmake)
[1.216s] -- Found rclcpp_lifecycle: 28.1.9 (/opt/ros/jazzy/share/rclcpp_lifecycle/cmake)
[1.258s] -- Found Boost: /usr/lib/x86_64-linux-gnu/cmake/Boost-1.83.0/BoostConfig.cmake (found version "1.83.0") found components: filesystem 
[1.343s] -- Found Eigen3: TRUE (found version "3.4.0") 
[1.343s] -- Ensuring Eigen3 include directory is part of orocos-kdl CMake target
[1.543s] -- Found Boost: /usr/lib/x86_64-linux-gnu/cmake/Boost-1.83.0/BoostConfig.cmake (found version "1.83.0") found components: system filesystem date_time program_options thread chrono 
[1.594s] -- Found Boost: /usr/lib/x86_64-linux-gnu/cmake/Boost-1.83.0/BoostConfig.cmake (found version "1.83.0") found components: thread system filesystem regex date_time program_options 
[1.624s] -- Found Boost: /usr/lib/x86_64-linux-gnu/cmake/Boost-1.83.0/BoostConfig.cmake (found version "1.83.0") found components: system filesystem date_time program_options thread 
[1.664s] -- Found moveit_visual_tools: 4.1.2 (/opt/ros/jazzy/share/moveit_visual_tools/cmake)
[1.743s] -- Setting OGRE_DIR to: '/opt/ros/jazzy/share/rviz_ogre_vendor/cmake/../../../opt/rviz_ogre_vendor/lib/OGRE/cmake'
[1.744s] -- Found OGRE
[1.744s] --   static     : OFF
[1.744s] --   components : MeshLodGenerator;Overlay;Paging;Property;RTShaderSystem;Terrain;Volume
[1.744s] --   plugins    : Plugin_BSPSceneManager;Plugin_OctreeSceneManager;Plugin_PCZSceneManager;Plugin_ParticleFX;RenderSystem_GL;RenderSystem_GL3Plus;Codec_STBI
[1.745s] --   media      : /opt/ros/jazzy/opt/rviz_ogre_vendor/share/OGRE/Media
[1.745s] -- OGRE_LIBRARIES: OgreMeshLodGenerator;OgreOverlay;OgrePaging;OgreProperty;OgreRTShaderSystem;OgreTerrain;OgreVolume;OgreMain
[1.745s] -- OGRE_LIBRARY_DIRS: /opt/ros/jazzy/opt/rviz_ogre_vendor/lib
[1.745s] -- OGRE_PLUGINS: Plugin_BSPSceneManager;Plugin_OctreeSceneManager;Plugin_PCZSceneManager;Plugin_ParticleFX;RenderSystem_GL;RenderSystem_GL3Plus;Codec_STBI
[1.745s] -- OGRE_PLUGIN_DIR: /opt/ros/jazzy/opt/rviz_ogre_vendor/lib/OGRE
[1.745s] -- rviz_ogre_vendor::OgreOverlay for IMPORTED_LOCATION_RELEASE: /opt/ros/jazzy/opt/rviz_ogre_vendor/lib/libOgreOverlay.so
[1.745s] -- rviz_ogre_vendor::OgreOverlay for IMPORTED_LOCATION_DEBUG: /opt/ros/jazzy/opt/rviz_ogre_vendor/lib/libOgreOverlay.so
[1.745s] -- rviz_ogre_vendor::OgreMain for IMPORTED_LOCATION_RELEASE: /opt/ros/jazzy/opt/rviz_ogre_vendor/lib/libOgreMain.so
[1.745s] -- rviz_ogre_vendor::OgreMain for IMPORTED_LOCATION_DEBUG: /opt/ros/jazzy/opt/rviz_ogre_vendor/lib/libOgreMain.so
[1.745s] -- Could not find freeimage library
[1.763s] -- Found ZLIB: /usr/lib/x86_64-linux-gnu/libz.so (found version "1.3")  
[1.769s] -- Found OpenGL: /usr/lib/x86_64-linux-gnu/libOpenGL.so   
[1.890s] -- Found X11: /usr/include   
[1.890s] -- Looking for XOpenDisplay in /usr/lib/x86_64-linux-gnu/libX11.so;/usr/lib/x86_64-linux-gnu/libXext.so
[1.975s] -- Looking for XOpenDisplay in /usr/lib/x86_64-linux-gnu/libX11.so;/usr/lib/x86_64-linux-gnu/libXext.so - found
[1.975s] -- Looking for gethostbyname
[2.060s] -- Looking for gethostbyname - found
[2.060s] -- Looking for connect
[2.144s] -- Looking for connect - found
[2.144s] -- Looking for remove
[2.228s] -- Looking for remove - found
[2.228s] -- Looking for shmat
[2.310s] -- Looking for shmat - found
[2.310s] -- Looking for IceConnectionNumber in ICE
[2.395s] -- Looking for IceConnectionNumber in ICE - found
[2.414s] -- Setting yaml-cpp_DIR to: '/opt/ros/jazzy/share/yaml_cpp_vendor/cmake/../../../opt/yaml_cpp_vendor/share/cmake/yaml-cpp'
[2.624s] -- Configuring done (2.6s)
[2.756s] -- Generating done (0.1s)
[2.778s] -- Build files have been written to: /root/Shared/moveit_ws/build/moveit_cpp_planners
[2.826s] [ 28%] [32mBuilding CXX object CMakeFiles/planning_scene_stomp.dir/src/planning_scene_stomp.cpp.o[0m
[2.827s] [ 28%] [32mBuilding CXX object CMakeFiles/planning_scene_chomp.dir/src/planning_scene_chomp.cpp.o[0m
[2.827s] [ 21%] [32mBuilding CXX object CMakeFiles/hello_moveit.dir/src/hello_moveit.cpp.o[0m
[2.827s] [ 28%] [32mBuilding CXX object CMakeFiles/kinematics.dir/src/kinematics.cpp.o[0m
[2.827s] [ 35%] [32mBuilding CXX object CMakeFiles/check_collisions.dir/src/check_collisions.cpp.o[0m
[2.827s] [ 42%] [32mBuilding CXX object CMakeFiles/planning_scene_ompl.dir/src/planning_scene_ompl.cpp.o[0m
[2.827s] [ 50%] [32mBuilding CXX object CMakeFiles/planning_scene_service.dir/src/planning_scene_service.cpp.o[0m
[5.783s] In file included from [01m[K/root/Shared/moveit_ws/src/moveit_cpp_planners/src/kinematics.cpp:4[m[K:
[5.783s] [01m[K/opt/ros/jazzy/include/moveit_ros_planning_interface/moveit/move_group_interface/move_group_interface.h:51:77:[m[K [01;36m[Knote: [m[K‘[01m[K#pragma message: .h header is obsolete. Please use the .hpp header instead.[m[K’
[5.783s]    51 | #pragma message(".h header is obsolete. Please use the .hpp header instead."[01;36m[K)[m[K
[5.783s]       |                                                                             [01;36m[K^[m[K
[5.789s] In file included from [01m[K/root/Shared/moveit_ws/src/moveit_cpp_planners/src/check_collisions.cpp:6[m[K:
[5.789s] [01m[K/opt/ros/jazzy/include/moveit_ros_planning_interface/moveit/move_group_interface/move_group_interface.h:51:77:[m[K [01;36m[Knote: [m[K‘[01m[K#pragma message: .h header is obsolete. Please use the .hpp header instead.[m[K’
[5.789s]    51 | #pragma message(".h header is obsolete. Please use the .hpp header instead."[01;36m[K)[m[K
[5.789s]       |                                                                             [01;36m[K^[m[K
[7.003s] In file included from [01m[K/root/Shared/moveit_ws/src/moveit_cpp_planners/src/hello_moveit.cpp:6[m[K:
[7.003s] [01m[K/opt/ros/jazzy/include/moveit_ros_planning_interface/moveit/move_group_interface/move_group_interface.h:51:77:[m[K [01;36m[Knote: [m[K‘[01m[K#pragma message: .h header is obsolete. Please use the .hpp header instead.[m[K’
[7.003s]    51 | #pragma message(".h header is obsolete. Please use the .hpp header instead."[01;36m[K)[m[K
[7.003s]       |                                                                             [01;36m[K^[m[K
[7.034s] In file included from [01m[K/root/Shared/moveit_ws/src/moveit_cpp_planners/src/planning_scene_service.cpp:6[m[K:
[7.034s] [01m[K/opt/ros/jazzy/include/moveit_ros_planning_interface/moveit/move_group_interface/move_group_interface.h:51:77:[m[K [01;36m[Knote: [m[K‘[01m[K#pragma message: .h header is obsolete. Please use the .hpp header instead.[m[K’
[7.034s]    51 | #pragma message(".h header is obsolete. Please use the .hpp header instead."[01;36m[K)[m[K
[7.034s]       |                                                                             [01;36m[K^[m[K
[7.752s] In file included from [01m[K/root/Shared/moveit_ws/src/moveit_cpp_planners/src/check_collisions.cpp:7[m[K:
[7.752s] [01m[K/opt/ros/jazzy/include/moveit_ros_planning/moveit/robot_model_loader/robot_model_loader.h:50:77:[m[K [01;36m[Knote: [m[K‘[01m[K#pragma message: .h header is obsolete. Please use the .hpp header instead.[m[K’
[7.752s]    50 | #pragma message(".h header is obsolete. Please use the .hpp header instead."[01;36m[K)[m[K
[7.752s]       |                                                                             [01;36m[K^[m[K
[7.780s] In file included from [01m[K/root/Shared/moveit_ws/src/moveit_cpp_planners/src/kinematics.cpp:5[m[K:
[7.780s] [01m[K/opt/ros/jazzy/include/moveit_ros_planning/moveit/robot_model_loader/robot_model_loader.h:50:77:[m[K [01;36m[Knote: [m[K‘[01m[K#pragma message: .h header is obsolete. Please use the .hpp header instead.[m[K’
[7.780s]    50 | #pragma message(".h header is obsolete. Please use the .hpp header instead."[01;36m[K)[m[K
[7.781s]       |                                                                             [01;36m[K^[m[K
[7.963s] In file included from [01m[K/root/Shared/moveit_ws/src/moveit_cpp_planners/src/check_collisions.cpp:8[m[K:
[7.963s] [01m[K/opt/ros/jazzy/include/moveit_core/moveit/robot_model/robot_model.h:51:77:[m[K [01;36m[Knote: [m[K‘[01m[K#pragma message: .h header is obsolete. Please use the .hpp header instead.[m[K’
[7.963s]    51 | #pragma message(".h header is obsolete. Please use the .hpp header instead."[01;36m[K)[m[K
[7.964s]       |                                                                             [01;36m[K^[m[K
[7.964s] In file included from [01m[K/root/Shared/moveit_ws/src/moveit_cpp_planners/src/check_collisions.cpp:9[m[K:
[7.964s] [01m[K/opt/ros/jazzy/include/moveit_core/moveit/robot_state/robot_state.h:51:77:[m[K [01;36m[Knote: [m[K‘[01m[K#pragma message: .h header is obsolete. Please use the .hpp header instead.[m[K’
[7.964s]    51 | #pragma message(".h header is obsolete. Please use the .hpp header instead."[01;36m[K)[m[K
[7.964s]       |                                                                             [01;36m[K^[m[K
[7.964s] In file included from [01m[K/root/Shared/moveit_ws/src/moveit_cpp_planners/src/check_collisions.cpp:10[m[K:
[7.964s] [01m[K/opt/ros/jazzy/include/moveit_core/moveit/planning_scene/planning_scene.h:50:77:[m[K [01;36m[Knote: [m[K‘[01m[K#pragma message: .h header is obsolete. Please use the .hpp header instead.[m[K’
[7.964s]    50 | #pragma message(".h header is obsolete. Please use the .hpp header instead."[01;36m[K)[m[K
[7.964s]       |                                                                             [01;36m[K^[m[K
[7.990s] In file included from [01m[K/root/Shared/moveit_ws/src/moveit_cpp_planners/src/kinematics.cpp:6[m[K:
[7.990s] [01m[K/opt/ros/jazzy/include/moveit_core/moveit/robot_model/robot_model.h:51:77:[m[K [01;36m[Knote: [m[K‘[01m[K#pragma message: .h header is obsolete. Please use the .hpp header instead.[m[K’
[7.990s]    51 | #pragma message(".h header is obsolete. Please use the .hpp header instead."[01;36m[K)[m[K
[7.991s]       |                                                                             [01;36m[K^[m[K
[7.991s] In file included from [01m[K/root/Shared/moveit_ws/src/moveit_cpp_planners/src/kinematics.cpp:7[m[K:
[7.991s] [01m[K/opt/ros/jazzy/include/moveit_core/moveit/robot_state/robot_state.h:51:77:[m[K [01;36m[Knote: [m[K‘[01m[K#pragma message: .h header is obsolete. Please use the .hpp header instead.[m[K’
[7.991s]    51 | #pragma message(".h header is obsolete. Please use the .hpp header instead."[01;36m[K)[m[K
[7.991s]       |                                                                             [01;36m[K^[m[K
[8.133s] In file included from [01m[K/root/Shared/moveit_ws/src/moveit_cpp_planners/src/check_collisions.cpp:12[m[K:
[8.133s] [01m[K/opt/ros/jazzy/include/moveit_core/moveit/kinematic_constraints/utils.h:50:77:[m[K [01;36m[Knote: [m[K‘[01m[K#pragma message: .h header is obsolete. Please use the .hpp header instead.[m[K’
[8.133s]    50 | #pragma message(".h header is obsolete. Please use the .hpp header instead."[01;36m[K)[m[K
[8.133s]       |                                                                             [01;36m[K^[m[K
[8.935s] In file included from [01m[K/root/Shared/moveit_ws/src/moveit_cpp_planners/src/planning_scene_service.cpp:7[m[K:
[8.935s] [01m[K/opt/ros/jazzy/include/moveit_ros_planning/moveit/robot_model_loader/robot_model_loader.h:50:77:[m[K [01;36m[Knote: [m[K‘[01m[K#pragma message: .h header is obsolete. Please use the .hpp header instead.[m[K’
[8.935s]    50 | #pragma message(".h header is obsolete. Please use the .hpp header instead."[01;36m[K)[m[K
[8.935s]       |                                                                             [01;36m[K^[m[K
[9.144s] In file included from [01m[K/root/Shared/moveit_ws/src/moveit_cpp_planners/src/planning_scene_service.cpp:8[m[K:
[9.145s] [01m[K/opt/ros/jazzy/include/moveit_core/moveit/robot_model/robot_model.h:51:77:[m[K [01;36m[Knote: [m[K‘[01m[K#pragma message: .h header is obsolete. Please use the .hpp header instead.[m[K’
[9.145s]    51 | #pragma message(".h header is obsolete. Please use the .hpp header instead."[01;36m[K)[m[K
[9.145s]       |                                                                             [01;36m[K^[m[K
[9.145s] In file included from [01m[K/root/Shared/moveit_ws/src/moveit_cpp_planners/src/planning_scene_service.cpp:9[m[K:
[9.145s] [01m[K/opt/ros/jazzy/include/moveit_core/moveit/robot_state/robot_state.h:51:77:[m[K [01;36m[Knote: [m[K‘[01m[K#pragma message: .h header is obsolete. Please use the .hpp header instead.[m[K’
[9.145s]    51 | #pragma message(".h header is obsolete. Please use the .hpp header instead."[01;36m[K)[m[K
[9.145s]       |                                                                             [01;36m[K^[m[K
[9.145s] In file included from [01m[K/root/Shared/moveit_ws/src/moveit_cpp_planners/src/planning_scene_service.cpp:10[m[K:
[9.145s] [01m[K/opt/ros/jazzy/include/moveit_core/moveit/planning_scene/planning_scene.h:50:77:[m[K [01;36m[Knote: [m[K‘[01m[K#pragma message: .h header is obsolete. Please use the .hpp header instead.[m[K’
[9.145s]    50 | #pragma message(".h header is obsolete. Please use the .hpp header instead."[01;36m[K)[m[K
[9.146s]       |                                                                             [01;36m[K^[m[K
[9.316s] In file included from [01m[K/root/Shared/moveit_ws/src/moveit_cpp_planners/src/planning_scene_service.cpp:11[m[K:
[9.316s] [01m[K/opt/ros/jazzy/include/moveit_ros_planning_interface/moveit/planning_scene_interface/planning_scene_interface.h:50:77:[m[K [01;36m[Knote: [m[K‘[01m[K#pragma message: .h header is obsolete. Please use the .hpp header instead.[m[K’
[9.316s]    50 | #pragma message(".h header is obsolete. Please use the .hpp header instead."[01;36m[K)[m[K
[9.316s]       |                                                                             [01;36m[K^[m[K
[10.282s] In file included from [01m[K/root/Shared/moveit_ws/src/moveit_cpp_planners/src/planning_scene_service.cpp:14[m[K:
[10.282s] [01m[K/opt/ros/jazzy/include/moveit_core/moveit/kinematic_constraints/utils.h:50:77:[m[K [01;36m[Knote: [m[K‘[01m[K#pragma message: .h header is obsolete. Please use the .hpp header instead.[m[K’
[10.282s]    50 | #pragma message(".h header is obsolete. Please use the .hpp header instead."[01;36m[K)[m[K
[10.282s]       |                                                                             [01;36m[K^[m[K
[10.284s] [01m[K/root/Shared/moveit_ws/src/moveit_cpp_planners/src/planning_scene_chomp.cpp:[m[K In function ‘[01m[Kint[01;32m[K main[m[K(int, char**)[m[K’:
[10.284s] [01m[K/root/Shared/moveit_ws/src/moveit_cpp_planners/src/planning_scene_chomp.cpp:35:11:[m[K [01;31m[Kerror: [m[K‘[01m[Kstruct moveit::planning_interface::MoveGroupInterface::Options[m[K’ has no member named ‘[01m[Kplanning_pipeline_id[m[K’
[10.285s]    35 |   options.[01;31m[Kplanning_pipeline_id[m[K = "chomp";
[10.285s]       |           [01;31m[K^~~~~~~~~~~~~~~~~~~~[m[K
[10.329s] [01m[K/root/Shared/moveit_ws/src/moveit_cpp_planners/src/planning_scene_stomp.cpp:[m[K In function ‘[01m[Kint[01;32m[K main[m[K(int, char**)[m[K’:
[10.329s] [01m[K/root/Shared/moveit_ws/src/moveit_cpp_planners/src/planning_scene_stomp.cpp:35:11:[m[K [01;31m[Kerror: [m[K‘[01m[Kstruct moveit::planning_interface::MoveGroupInterface::Options[m[K’ has no member named ‘[01m[Kplanning_pipeline_id[m[K’
[10.330s]    35 |   options.[01;31m[Kplanning_pipeline_id[m[K = "stomp";
[10.330s]       |           [01;31m[K^~~~~~~~~~~~~~~~~~~~[m[K
[10.437s] [ 57%] [32m[1mLinking CXX executable kinematics[0m
[10.616s] [ 64%] [32m[1mLinking CXX executable check_collisions[0m
[10.923s] [ 64%] Built target kinematics
[11.014s] [ 64%] Built target check_collisions
[13.363s] gmake[2]: *** [CMakeFiles/planning_scene_chomp.dir/build.make:76: CMakeFiles/planning_scene_chomp.dir/src/planning_scene_chomp.cpp.o] Error 1
[13.364s] gmake[1]: *** [CMakeFiles/Makefile2:279: CMakeFiles/planning_scene_chomp.dir/all] Error 2
[13.364s] gmake[1]: *** Waiting for unfinished jobs....
[13.447s] gmake[2]: *** [CMakeFiles/planning_scene_stomp.dir/build.make:76: CMakeFiles/planning_scene_stomp.dir/src/planning_scene_stomp.cpp.o] Error 1
[13.447s] gmake[1]: *** [CMakeFiles/Makefile2:253: CMakeFiles/planning_scene_stomp.dir/all] Error 2
[13.750s] [ 71%] [32m[1mLinking CXX executable hello_moveit[0m
[13.899s] [ 78%] [32m[1mLinking CXX executable planning_scene_ompl[0m
[14.352s] [ 78%] Built target hello_moveit
[14.495s] [ 78%] Built target planning_scene_ompl
[14.631s] [ 85%] [32m[1mLinking CXX executable planning_scene_service[0m
[15.030s] [ 85%] Built target planning_scene_service
[15.031s] gmake: *** [Makefile:146: all] Error 2
[15.033s] Invoked command in '/root/Shared/moveit_ws/build/moveit_cpp_planners' returned '2': CMAKE_PREFIX_PATH=${CMAKE_PREFIX_PATH}:/opt/ros/jazzy /usr/bin/cmake --build /root/Shared/moveit_ws/build/moveit_cpp_planners -- -j16 -l16
