[0.011s] Invoking command in '/root/Shared/moveit_ws/src/build/moveit_cpp_planners': CMAKE_PREFIX_PATH=${CMAKE_PREFIX_PATH}:/opt/ros/jazzy /usr/bin/cmake /root/Shared/moveit_ws/src/moveit_cpp_planners -DCMAKE_INSTALL_PREFIX=/root/Shared/moveit_ws/src/install/moveit_cpp_planners
[0.061s] -- The C compiler identification is GNU 13.3.0
[0.112s] -- The CXX compiler identification is GNU 13.3.0
[0.129s] -- Detecting C compiler ABI info
[0.216s] -- Detecting C compiler ABI info - done
[0.222s] -- Check for working C compiler: /usr/bin/cc - skipped
[0.222s] -- Detecting C compile features
[0.223s] -- Detecting C compile features - done
[0.232s] -- Detecting CXX compiler ABI info
[0.330s] -- Detecting CXX compiler ABI info - done
[0.336s] -- Check for working CXX compiler: /usr/bin/c++ - skipped
[0.337s] -- Detecting CXX compile features
[0.337s] -- Detecting CXX compile features - done
[0.345s] -- Found ament_cmake: 2.5.4 (/opt/ros/jazzy/share/ament_cmake/cmake)
[0.480s] -- Found Python3: /usr/bin/python3 (found version "3.12.3") found components: Interpreter 
[0.618s] -- Found ament_lint_auto: 0.17.2 (/opt/ros/jazzy/share/ament_lint_auto/cmake)
[0.726s] -- Added test 'cppcheck' to perform static code analysis on C / C++ code
[0.727s] -- Configured cppcheck include dirs: 
[0.727s] -- Configured cppcheck exclude dirs and/or files: 
[0.727s] -- Added test 'flake8' to check Python code syntax and style conventions
[0.727s] -- Configured 'flake8' exclude dirs and/or files: 
[0.728s] -- Added test 'lint_cmake' to check CMake code style
[0.728s] -- Added test 'pep257' to check Python code against some of the docstring style conventions in PEP 257
[0.729s] -- Added test 'uncrustify' to check C / C++ code style
[0.730s] -- Configured uncrustify additional arguments: 
[0.730s] -- Added test 'xmllint' to check XML markup files
[0.731s] -- Configuring done (0.7s)
[0.735s] -- Generating done (0.0s)
[0.736s] -- Build files have been written to: /root/Shared/moveit_ws/src/build/moveit_cpp_planners
[0.741s] Invoked command in '/root/Shared/moveit_ws/src/build/moveit_cpp_planners' returned '0': CMAKE_PREFIX_PATH=${CMAKE_PREFIX_PATH}:/opt/ros/jazzy /usr/bin/cmake /root/Shared/moveit_ws/src/moveit_cpp_planners -DCMAKE_INSTALL_PREFIX=/root/Shared/moveit_ws/src/install/moveit_cpp_planners
[0.742s] Invoking command in '/root/Shared/moveit_ws/src/build/moveit_cpp_planners': CMAKE_PREFIX_PATH=${CMAKE_PREFIX_PATH}:/opt/ros/jazzy /usr/bin/cmake --build /root/Shared/moveit_ws/src/build/moveit_cpp_planners -- -j16 -l16
[0.780s] Invoked command in '/root/Shared/moveit_ws/src/build/moveit_cpp_planners' returned '0': CMAKE_PREFIX_PATH=${CMAKE_PREFIX_PATH}:/opt/ros/jazzy /usr/bin/cmake --build /root/Shared/moveit_ws/src/build/moveit_cpp_planners -- -j16 -l16
[0.790s] Invoking command in '/root/Shared/moveit_ws/src/build/moveit_cpp_planners': CMAKE_PREFIX_PATH=${CMAKE_PREFIX_PATH}:/opt/ros/jazzy /usr/bin/cmake --install /root/Shared/moveit_ws/src/build/moveit_cpp_planners
[0.798s] -- Install configuration: ""
[0.798s] -- Installing: /root/Shared/moveit_ws/src/install/moveit_cpp_planners/share/ament_index/resource_index/package_run_dependencies/moveit_cpp_planners
[0.798s] -- Installing: /root/Shared/moveit_ws/src/install/moveit_cpp_planners/share/ament_index/resource_index/parent_prefix_path/moveit_cpp_planners
[0.798s] -- Installing: /root/Shared/moveit_ws/src/install/moveit_cpp_planners/share/moveit_cpp_planners/environment/ament_prefix_path.sh
[0.799s] -- Installing: /root/Shared/moveit_ws/src/install/moveit_cpp_planners/share/moveit_cpp_planners/environment/ament_prefix_path.dsv
[0.799s] -- Installing: /root/Shared/moveit_ws/src/install/moveit_cpp_planners/share/moveit_cpp_planners/environment/path.sh
[0.799s] -- Installing: /root/Shared/moveit_ws/src/install/moveit_cpp_planners/share/moveit_cpp_planners/environment/path.dsv
[0.799s] -- Installing: /root/Shared/moveit_ws/src/install/moveit_cpp_planners/share/moveit_cpp_planners/local_setup.bash
[0.799s] -- Installing: /root/Shared/moveit_ws/src/install/moveit_cpp_planners/share/moveit_cpp_planners/local_setup.sh
[0.799s] -- Installing: /root/Shared/moveit_ws/src/install/moveit_cpp_planners/share/moveit_cpp_planners/local_setup.zsh
[0.799s] -- Installing: /root/Shared/moveit_ws/src/install/moveit_cpp_planners/share/moveit_cpp_planners/local_setup.dsv
[0.799s] -- Installing: /root/Shared/moveit_ws/src/install/moveit_cpp_planners/share/moveit_cpp_planners/package.dsv
[0.800s] -- Installing: /root/Shared/moveit_ws/src/install/moveit_cpp_planners/share/ament_index/resource_index/packages/moveit_cpp_planners
[0.800s] -- Installing: /root/Shared/moveit_ws/src/install/moveit_cpp_planners/share/moveit_cpp_planners/cmake/moveit_cpp_plannersConfig.cmake
[0.800s] -- Installing: /root/Shared/moveit_ws/src/install/moveit_cpp_planners/share/moveit_cpp_planners/cmake/moveit_cpp_plannersConfig-version.cmake
[0.800s] -- Installing: /root/Shared/moveit_ws/src/install/moveit_cpp_planners/share/moveit_cpp_planners/package.xml
[0.802s] Invoked command in '/root/Shared/moveit_ws/src/build/moveit_cpp_planners' returned '0': CMAKE_PREFIX_PATH=${CMAKE_PREFIX_PATH}:/opt/ros/jazzy /usr/bin/cmake --install /root/Shared/moveit_ws/src/build/moveit_cpp_planners
