[0.083s] DEBUG:colcon:Command line arguments: ['/usr/bin/colcon', 'build']
[0.083s] DEBUG:colcon:Parsed command line arguments: Namespace(log_base=None, log_level=None, verb_name='build', build_base='build', install_base='install', merge_install=False, symlink_install=False, test_result_base=None, continue_on_error=False, executor='parallel', parallel_workers=16, event_handlers=None, ignore_user_meta=False, metas=['./colcon.meta'], base_paths=['.'], packages_ignore=None, packages_ignore_regex=None, paths=None, packages_up_to=None, packages_up_to_regex=None, packages_above=None, packages_above_and_dependencies=None, packages_above_depth=None, packages_select_by_dep=None, packages_skip_by_dep=None, packages_skip_up_to=None, packages_select_build_failed=False, packages_skip_build_finished=False, packages_select_test_failures=False, packages_skip_test_passed=False, packages_select=None, packages_skip=None, packages_select_regex=None, packages_skip_regex=None, packages_start=None, packages_end=None, cmake_args=None, cmake_target=None, cmake_target_skip_unavailable=False, cmake_clean_cache=False, cmake_clean_first=False, cmake_force_configure=False, ament_cmake_args=None, catkin_cmake_args=None, catkin_skip_building_tests=False, mixin_files=None, mixin=None, verb_parser=<colcon_mixin.mixin.mixin_argument.MixinArgumentDecorator object at 0x712fbadd1d60>, verb_extension=<colcon_core.verb.build.BuildVerb object at 0x712fbadfdc10>, main=<bound method BuildVerb.main of <colcon_core.verb.build.BuildVerb object at 0x712fbadfdc10>>, mixin_verb=('build',))
[0.113s] Level 1:colcon.colcon_core.package_discovery:discover_packages(colcon_meta) check parameters
[0.113s] INFO:colcon.colcon_metadata.package_discovery.colcon_meta:Using configuration from '/root/.colcon/metadata/default/Gazebo.meta'
[0.114s] INFO:colcon.colcon_metadata.package_discovery.colcon_meta:Using configuration from '/root/.colcon/metadata/default/fastrtps.meta'
[0.114s] Level 1:colcon.colcon_core.package_discovery:discover_packages(recursive) check parameters
[0.114s] Level 1:colcon.colcon_core.package_discovery:discover_packages(ignore) check parameters
[0.114s] Level 1:colcon.colcon_core.package_discovery:discover_packages(path) check parameters
[0.114s] Level 1:colcon.colcon_core.package_discovery:discover_packages(colcon_meta) discover
[0.114s] Level 1:colcon.colcon_core.package_discovery:discover_packages(recursive) discover
[0.114s] INFO:colcon.colcon_core.package_discovery:Crawling recursively for packages in '/root/Shared/moveit_ws'
[0.114s] Level 1:colcon.colcon_core.package_identification:_identify(.) by extensions ['ignore', 'ignore_ament_install']
[0.114s] Level 1:colcon.colcon_core.package_identification:_identify(.) by extension 'ignore'
[0.114s] Level 1:colcon.colcon_core.package_identification:_identify(.) by extension 'ignore_ament_install'
[0.114s] Level 1:colcon.colcon_core.package_identification:_identify(.) by extensions ['colcon_pkg']
[0.114s] Level 1:colcon.colcon_core.package_identification:_identify(.) by extension 'colcon_pkg'
[0.114s] Level 1:colcon.colcon_core.package_identification:_identify(.) by extensions ['colcon_meta']
[0.114s] Level 1:colcon.colcon_core.package_identification:_identify(.) by extension 'colcon_meta'
[0.114s] Level 1:colcon.colcon_core.package_identification:_identify(.) by extensions ['ros']
[0.114s] Level 1:colcon.colcon_core.package_identification:_identify(.) by extension 'ros'
[0.135s] DEBUG:colcon.colcon_core.package_identification:Package '.' with type 'ros.ament_cmake' and name 'ros2_ur_moveit_examples'
[0.135s] Level 1:colcon.colcon_core.package_discovery:discover_packages(recursive) using defaults
[0.135s] Level 1:colcon.colcon_core.package_discovery:discover_packages(ignore) discover
[0.135s] Level 1:colcon.colcon_core.package_discovery:discover_packages(ignore) using defaults
[0.135s] Level 1:colcon.colcon_core.package_discovery:discover_packages(path) discover
[0.135s] Level 1:colcon.colcon_core.package_discovery:discover_packages(path) using defaults
[0.148s] Level 5:colcon.colcon_core.verb:set package 'ros2_ur_moveit_examples' build argument 'cmake_args' from command line to 'None'
[0.148s] Level 5:colcon.colcon_core.verb:set package 'ros2_ur_moveit_examples' build argument 'cmake_target' from command line to 'None'
[0.148s] Level 5:colcon.colcon_core.verb:set package 'ros2_ur_moveit_examples' build argument 'cmake_target_skip_unavailable' from command line to 'False'
[0.148s] Level 5:colcon.colcon_core.verb:set package 'ros2_ur_moveit_examples' build argument 'cmake_clean_cache' from command line to 'False'
[0.148s] Level 5:colcon.colcon_core.verb:set package 'ros2_ur_moveit_examples' build argument 'cmake_clean_first' from command line to 'False'
[0.148s] Level 5:colcon.colcon_core.verb:set package 'ros2_ur_moveit_examples' build argument 'cmake_force_configure' from command line to 'False'
[0.148s] Level 5:colcon.colcon_core.verb:set package 'ros2_ur_moveit_examples' build argument 'ament_cmake_args' from command line to 'None'
[0.148s] Level 5:colcon.colcon_core.verb:set package 'ros2_ur_moveit_examples' build argument 'catkin_cmake_args' from command line to 'None'
[0.148s] Level 5:colcon.colcon_core.verb:set package 'ros2_ur_moveit_examples' build argument 'catkin_skip_building_tests' from command line to 'False'
[0.148s] DEBUG:colcon.colcon_core.verb:Building package 'ros2_ur_moveit_examples' with the following arguments: {'ament_cmake_args': None, 'build_base': '/root/Shared/moveit_ws/build/ros2_ur_moveit_examples', 'catkin_cmake_args': None, 'catkin_skip_building_tests': False, 'cmake_args': None, 'cmake_clean_cache': False, 'cmake_clean_first': False, 'cmake_force_configure': False, 'cmake_target': None, 'cmake_target_skip_unavailable': False, 'install_base': '/root/Shared/moveit_ws/install/ros2_ur_moveit_examples', 'merge_install': False, 'path': '/root/Shared/moveit_ws', 'symlink_install': False, 'test_result_base': None}
[0.148s] INFO:colcon.colcon_core.executor:Executing jobs using 'parallel' executor
[0.149s] DEBUG:colcon.colcon_parallel_executor.executor.parallel:run_until_complete
[0.149s] INFO:colcon.colcon_ros.task.ament_cmake.build:Building ROS package in '/root/Shared/moveit_ws' with build type 'ament_cmake'
[0.149s] INFO:colcon.colcon_cmake.task.cmake.build:Building CMake package in '/root/Shared/moveit_ws'
[0.151s] INFO:colcon.colcon_core.plugin_system:Skipping extension 'colcon_core.shell.bat': Not used on non-Windows systems
[0.151s] INFO:colcon.colcon_core.shell:Skip shell extension 'powershell' for command environment: Not usable outside of PowerShell
[0.151s] DEBUG:colcon.colcon_core.shell:Skip shell extension 'dsv' for command environment
[0.159s] DEBUG:colcon.colcon_core.event_handler.log_command:Invoking command in '/root/Shared/moveit_ws/build/ros2_ur_moveit_examples': CMAKE_PREFIX_PATH=${CMAKE_PREFIX_PATH}:/opt/ros/jazzy /usr/bin/cmake /root/Shared/moveit_ws -DCMAKE_INSTALL_PREFIX=/root/Shared/moveit_ws/install/ros2_ur_moveit_examples
[1.535s] DEBUG:colcon.colcon_core.event_handler.log_command:Invoked command in '/root/Shared/moveit_ws/build/ros2_ur_moveit_examples' returned '1': CMAKE_PREFIX_PATH=${CMAKE_PREFIX_PATH}:/opt/ros/jazzy /usr/bin/cmake /root/Shared/moveit_ws -DCMAKE_INSTALL_PREFIX=/root/Shared/moveit_ws/install/ros2_ur_moveit_examples
[1.548s] Level 1:colcon.colcon_core.environment:create_environment_scripts_only(ros2_ur_moveit_examples)
[1.551s] Level 1:colcon.colcon_core.environment:checking '/root/Shared/moveit_ws/install/ros2_ur_moveit_examples' for CMake module files
[1.551s] Level 1:colcon.colcon_core.environment:checking '/root/Shared/moveit_ws/install/ros2_ur_moveit_examples' for CMake config files
[1.551s] Level 1:colcon.colcon_core.environment:checking '/root/Shared/moveit_ws/install/ros2_ur_moveit_examples/bin'
[1.552s] Level 1:colcon.colcon_core.environment:checking '/root/Shared/moveit_ws/install/ros2_ur_moveit_examples/lib/pkgconfig/ros2_ur_moveit_examples.pc'
[1.553s] Level 1:colcon.colcon_core.environment:checking '/root/Shared/moveit_ws/install/ros2_ur_moveit_examples/lib/python3.12/site-packages'
[1.553s] Level 1:colcon.colcon_core.environment:checking '/root/Shared/moveit_ws/install/ros2_ur_moveit_examples/bin'
[1.553s] INFO:colcon.colcon_core.shell:Creating package script '/root/Shared/moveit_ws/install/ros2_ur_moveit_examples/share/ros2_ur_moveit_examples/package.ps1'
[1.554s] INFO:colcon.colcon_core.shell:Creating package descriptor '/root/Shared/moveit_ws/install/ros2_ur_moveit_examples/share/ros2_ur_moveit_examples/package.dsv'
[1.554s] INFO:colcon.colcon_core.shell:Creating package script '/root/Shared/moveit_ws/install/ros2_ur_moveit_examples/share/ros2_ur_moveit_examples/package.sh'
[1.554s] INFO:colcon.colcon_core.shell:Creating package script '/root/Shared/moveit_ws/install/ros2_ur_moveit_examples/share/ros2_ur_moveit_examples/package.bash'
[1.555s] INFO:colcon.colcon_core.shell:Creating package script '/root/Shared/moveit_ws/install/ros2_ur_moveit_examples/share/ros2_ur_moveit_examples/package.zsh'
[1.555s] Level 1:colcon.colcon_core.environment:create_file_with_runtime_dependencies(/root/Shared/moveit_ws/install/ros2_ur_moveit_examples/share/colcon-core/packages/ros2_ur_moveit_examples)
[1.555s] DEBUG:colcon.colcon_parallel_executor.executor.parallel:closing loop
[1.556s] DEBUG:colcon.colcon_parallel_executor.executor.parallel:loop closed
[1.556s] DEBUG:colcon.colcon_parallel_executor.executor.parallel:run_until_complete finished with '1'
[1.556s] DEBUG:colcon.colcon_core.event_reactor:joining thread
[1.561s] INFO:colcon.colcon_core.plugin_system:Skipping extension 'colcon_notification.desktop_notification.notify_send': Could not find 'notify-send'
[1.561s] INFO:colcon.colcon_core.plugin_system:Skipping extension 'colcon_notification.desktop_notification.terminal_notifier': Not used on non-Darwin systems
[1.561s] INFO:colcon.colcon_core.plugin_system:Skipping extension 'colcon_notification.desktop_notification.win32': Not used on non-Windows systems
[1.561s] INFO:colcon.colcon_notification.desktop_notification:Sending desktop notification using 'notify2'
[1.564s] DEBUG:colcon.colcon_notification.desktop_notification.notify2:Failed to initialize notify2: org.freedesktop.DBus.Error.Spawn.ExecFailed: /usr/bin/dbus-launch terminated abnormally without any error message
[1.564s] DEBUG:colcon.colcon_core.event_reactor:joined thread
[1.565s] INFO:colcon.colcon_core.shell:Creating prefix script '/root/Shared/moveit_ws/install/local_setup.ps1'
[1.566s] INFO:colcon.colcon_core.shell:Creating prefix util module '/root/Shared/moveit_ws/install/_local_setup_util_ps1.py'
[1.567s] INFO:colcon.colcon_core.shell:Creating prefix chain script '/root/Shared/moveit_ws/install/setup.ps1'
[1.569s] INFO:colcon.colcon_core.shell:Creating prefix script '/root/Shared/moveit_ws/install/local_setup.sh'
[1.569s] INFO:colcon.colcon_core.shell:Creating prefix util module '/root/Shared/moveit_ws/install/_local_setup_util_sh.py'
[1.569s] INFO:colcon.colcon_core.shell:Creating prefix chain script '/root/Shared/moveit_ws/install/setup.sh'
[1.570s] INFO:colcon.colcon_core.shell:Creating prefix script '/root/Shared/moveit_ws/install/local_setup.bash'
[1.570s] INFO:colcon.colcon_core.shell:Creating prefix chain script '/root/Shared/moveit_ws/install/setup.bash'
[1.571s] INFO:colcon.colcon_core.shell:Creating prefix script '/root/Shared/moveit_ws/install/local_setup.zsh'
[1.571s] INFO:colcon.colcon_core.shell:Creating prefix chain script '/root/Shared/moveit_ws/install/setup.zsh'
