running egg_info
writing ../../build/ur_py_control/ur_py_control.egg-info/PKG-INFO
writing dependency_links to ../../build/ur_py_control/ur_py_control.egg-info/dependency_links.txt
writing entry points to ../../build/ur_py_control/ur_py_control.egg-info/entry_points.txt
writing requirements to ../../build/ur_py_control/ur_py_control.egg-info/requires.txt
writing top-level names to ../../build/ur_py_control/ur_py_control.egg-info/top_level.txt
reading manifest file '../../build/ur_py_control/ur_py_control.egg-info/SOURCES.txt'
writing manifest file '../../build/ur_py_control/ur_py_control.egg-info/SOURCES.txt'
running build
running build_py
running install
running install_lib
running install_data
running install_egg_info
removing '/root/Shared/moveit_ws/install/ur_py_control/lib/python3.12/site-packages/ur_py_control-0.0.0-py3.12.egg-info' (and everything under it)
Copying ../../build/ur_py_control/ur_py_control.egg-info to /root/Shared/moveit_ws/install/ur_py_control/lib/python3.12/site-packages/ur_py_control-0.0.0-py3.12.egg-info
running install_scripts
Installing publisher_joint_trajectory_controller script to /root/Shared/moveit_ws/install/ur_py_control/lib/ur_py_control
Installing publisher_joint_trajectory_controller_IK script to /root/Shared/moveit_ws/install/ur_py_control/lib/ur_py_control
Installing show_joint_states script to /root/Shared/moveit_ws/install/ur_py_control/lib/ur_py_control
writing list of installed files to '/root/Shared/moveit_ws/build/ur_py_control/install.log'
