[0.013s] Invoking command in '/root/Shared/moveit_ws/build/moveit_cpp_planners': CMAKE_PREFIX_PATH=${CMAKE_PREFIX_PATH}:/opt/ros/jazzy /usr/bin/cmake /root/Shared/moveit_ws/src/moveit_cpp_planners -DCMAKE_INSTALL_PREFIX=/root/Shared/moveit_ws/install/moveit_cpp_planners
[0.061s] -- The C compiler identification is GNU 13.3.0
[0.111s] -- The CXX compiler identification is GNU 13.3.0
[0.128s] -- Detecting C compiler ABI info
[0.212s] -- Detecting C compiler ABI info - done
[0.219s] -- Check for working C compiler: /usr/bin/cc - skipped
[0.220s] -- Detecting C compile features
[0.220s] -- Detecting C compile features - done
[0.229s] -- Detecting CXX compiler ABI info
[0.327s] -- Detecting CXX compiler ABI info - done
[0.335s] -- Check for working CXX compiler: /usr/bin/c++ - skipped
[0.335s] -- Detecting CXX compile features
[0.335s] -- Detecting CXX compile features - done
[0.342s] -- Found ament_cmake: 2.5.4 (/opt/ros/jazzy/share/ament_cmake/cmake)
[0.474s] -- Found Python3: /usr/bin/python3 (found version "3.12.3") found components: Interpreter 
[0.611s] -- Found ament_lint_auto: 0.17.2 (/opt/ros/jazzy/share/ament_lint_auto/cmake)
[0.722s] -- Added test 'cppcheck' to perform static code analysis on C / C++ code
[0.722s] -- Configured cppcheck include dirs: 
[0.722s] -- Configured cppcheck exclude dirs and/or files: 
[0.722s] -- Added test 'flake8' to check Python code syntax and style conventions
[0.722s] -- Configured 'flake8' exclude dirs and/or files: 
[0.723s] -- Added test 'lint_cmake' to check CMake code style
[0.723s] -- Added test 'pep257' to check Python code against some of the docstring style conventions in PEP 257
[0.725s] -- Added test 'uncrustify' to check C / C++ code style
[0.725s] -- Configured uncrustify additional arguments: 
[0.725s] -- Added test 'xmllint' to check XML markup files
[0.727s] -- Configuring done (0.7s)
[0.730s] -- Generating done (0.0s)
[0.731s] -- Build files have been written to: /root/Shared/moveit_ws/build/moveit_cpp_planners
[0.736s] Invoked command in '/root/Shared/moveit_ws/build/moveit_cpp_planners' returned '0': CMAKE_PREFIX_PATH=${CMAKE_PREFIX_PATH}:/opt/ros/jazzy /usr/bin/cmake /root/Shared/moveit_ws/src/moveit_cpp_planners -DCMAKE_INSTALL_PREFIX=/root/Shared/moveit_ws/install/moveit_cpp_planners
[0.737s] Invoking command in '/root/Shared/moveit_ws/build/moveit_cpp_planners': CMAKE_PREFIX_PATH=${CMAKE_PREFIX_PATH}:/opt/ros/jazzy /usr/bin/cmake --build /root/Shared/moveit_ws/build/moveit_cpp_planners -- -j16 -l16
[0.777s] Invoked command in '/root/Shared/moveit_ws/build/moveit_cpp_planners' returned '0': CMAKE_PREFIX_PATH=${CMAKE_PREFIX_PATH}:/opt/ros/jazzy /usr/bin/cmake --build /root/Shared/moveit_ws/build/moveit_cpp_planners -- -j16 -l16
[0.786s] Invoking command in '/root/Shared/moveit_ws/build/moveit_cpp_planners': CMAKE_PREFIX_PATH=${CMAKE_PREFIX_PATH}:/opt/ros/jazzy /usr/bin/cmake --install /root/Shared/moveit_ws/build/moveit_cpp_planners
[0.793s] -- Install configuration: ""
[0.794s] -- Installing: /root/Shared/moveit_ws/install/moveit_cpp_planners/share/ament_index/resource_index/package_run_dependencies/moveit_cpp_planners
[0.794s] -- Installing: /root/Shared/moveit_ws/install/moveit_cpp_planners/share/ament_index/resource_index/parent_prefix_path/moveit_cpp_planners
[0.794s] -- Installing: /root/Shared/moveit_ws/install/moveit_cpp_planners/share/moveit_cpp_planners/environment/ament_prefix_path.sh
[0.794s] -- Installing: /root/Shared/moveit_ws/install/moveit_cpp_planners/share/moveit_cpp_planners/environment/ament_prefix_path.dsv
[0.794s] -- Installing: /root/Shared/moveit_ws/install/moveit_cpp_planners/share/moveit_cpp_planners/environment/path.sh
[0.794s] -- Installing: /root/Shared/moveit_ws/install/moveit_cpp_planners/share/moveit_cpp_planners/environment/path.dsv
[0.795s] -- Installing: /root/Shared/moveit_ws/install/moveit_cpp_planners/share/moveit_cpp_planners/local_setup.bash
[0.795s] -- Installing: /root/Shared/moveit_ws/install/moveit_cpp_planners/share/moveit_cpp_planners/local_setup.sh
[0.795s] -- Installing: /root/Shared/moveit_ws/install/moveit_cpp_planners/share/moveit_cpp_planners/local_setup.zsh
[0.795s] -- Installing: /root/Shared/moveit_ws/install/moveit_cpp_planners/share/moveit_cpp_planners/local_setup.dsv
[0.795s] -- Installing: /root/Shared/moveit_ws/install/moveit_cpp_planners/share/moveit_cpp_planners/package.dsv
[0.795s] -- Installing: /root/Shared/moveit_ws/install/moveit_cpp_planners/share/ament_index/resource_index/packages/moveit_cpp_planners
[0.795s] -- Installing: /root/Shared/moveit_ws/install/moveit_cpp_planners/share/moveit_cpp_planners/cmake/moveit_cpp_plannersConfig.cmake
[0.795s] -- Installing: /root/Shared/moveit_ws/install/moveit_cpp_planners/share/moveit_cpp_planners/cmake/moveit_cpp_plannersConfig-version.cmake
[0.796s] -- Installing: /root/Shared/moveit_ws/install/moveit_cpp_planners/share/moveit_cpp_planners/package.xml
[0.797s] Invoked command in '/root/Shared/moveit_ws/build/moveit_cpp_planners' returned '0': CMAKE_PREFIX_PATH=${CMAKE_PREFIX_PATH}:/opt/ros/jazzy /usr/bin/cmake --install /root/Shared/moveit_ws/build/moveit_cpp_planners
