[0.090s] DEBUG:colcon:Command line arguments: ['/usr/bin/colcon', 'build', '--packages-select', 'ur_py_control']
[0.090s] DEBUG:colcon:Parsed command line arguments: Namespace(log_base=None, log_level=None, verb_name='build', build_base='build', install_base='install', merge_install=False, symlink_install=False, test_result_base=None, continue_on_error=False, executor='parallel', parallel_workers=16, event_handlers=None, ignore_user_meta=False, metas=['./colcon.meta'], base_paths=['.'], packages_ignore=None, packages_ignore_regex=None, paths=None, packages_up_to=None, packages_up_to_regex=None, packages_above=None, packages_above_and_dependencies=None, packages_above_depth=None, packages_select_by_dep=None, packages_skip_by_dep=None, packages_skip_up_to=None, packages_select_build_failed=False, packages_skip_build_finished=False, packages_select_test_failures=False, packages_skip_test_passed=False, packages_select=['ur_py_control'], packages_skip=None, packages_select_regex=None, packages_skip_regex=None, packages_start=None, packages_end=None, cmake_args=None, cmake_target=None, cmake_target_skip_unavailable=False, cmake_clean_cache=False, cmake_clean_first=False, cmake_force_configure=False, ament_cmake_args=None, catkin_cmake_args=None, catkin_skip_building_tests=False, mixin_files=None, mixin=None, verb_parser=<colcon_mixin.mixin.mixin_argument.MixinArgumentDecorator object at 0x752f08cbd430>, verb_extension=<colcon_core.verb.build.BuildVerb object at 0x752f08e39a60>, main=<bound method BuildVerb.main of <colcon_core.verb.build.BuildVerb object at 0x752f08e39a60>>, mixin_verb=('build',))
[0.123s] Level 1:colcon.colcon_core.package_discovery:discover_packages(colcon_meta) check parameters
[0.123s] INFO:colcon.colcon_metadata.package_discovery.colcon_meta:Using configuration from '/root/.colcon/metadata/default/Gazebo.meta'
[0.124s] INFO:colcon.colcon_metadata.package_discovery.colcon_meta:Using configuration from '/root/.colcon/metadata/default/fastrtps.meta'
[0.124s] Level 1:colcon.colcon_core.package_discovery:discover_packages(recursive) check parameters
[0.124s] Level 1:colcon.colcon_core.package_discovery:discover_packages(ignore) check parameters
[0.124s] Level 1:colcon.colcon_core.package_discovery:discover_packages(path) check parameters
[0.124s] Level 1:colcon.colcon_core.package_discovery:discover_packages(colcon_meta) discover
[0.124s] Level 1:colcon.colcon_core.package_discovery:discover_packages(recursive) discover
[0.124s] INFO:colcon.colcon_core.package_discovery:Crawling recursively for packages in '/root/Shared/moveit_ws/src'
[0.124s] Level 1:colcon.colcon_core.package_identification:_identify(.) by extensions ['ignore', 'ignore_ament_install']
[0.124s] Level 1:colcon.colcon_core.package_identification:_identify(.) by extension 'ignore'
[0.124s] Level 1:colcon.colcon_core.package_identification:_identify(.) by extension 'ignore_ament_install'
[0.124s] Level 1:colcon.colcon_core.package_identification:_identify(.) by extensions ['colcon_pkg']
[0.124s] Level 1:colcon.colcon_core.package_identification:_identify(.) by extension 'colcon_pkg'
[0.124s] Level 1:colcon.colcon_core.package_identification:_identify(.) by extensions ['colcon_meta']
[0.124s] Level 1:colcon.colcon_core.package_identification:_identify(.) by extension 'colcon_meta'
[0.124s] Level 1:colcon.colcon_core.package_identification:_identify(.) by extensions ['ros']
[0.124s] Level 1:colcon.colcon_core.package_identification:_identify(.) by extension 'ros'
[0.142s] Level 1:colcon.colcon_core.package_identification:_identify(.) by extensions ['cmake', 'python']
[0.142s] Level 1:colcon.colcon_core.package_identification:_identify(.) by extension 'cmake'
[0.143s] Level 1:colcon.colcon_core.package_identification:_identify(.) by extension 'python'
[0.143s] Level 1:colcon.colcon_core.package_identification:_identify(.) by extensions ['python_setup_py']
[0.143s] Level 1:colcon.colcon_core.package_identification:_identify(.) by extension 'python_setup_py'
[0.143s] Level 1:colcon.colcon_core.package_identification:_identify(build) by extensions ['ignore', 'ignore_ament_install']
[0.143s] Level 1:colcon.colcon_core.package_identification:_identify(build) by extension 'ignore'
[0.143s] Level 1:colcon.colcon_core.package_identification:_identify(build) ignored
[0.143s] Level 1:colcon.colcon_core.package_identification:_identify(install) by extensions ['ignore', 'ignore_ament_install']
[0.143s] Level 1:colcon.colcon_core.package_identification:_identify(install) by extension 'ignore'
[0.143s] Level 1:colcon.colcon_core.package_identification:_identify(install) ignored
[0.143s] Level 1:colcon.colcon_core.package_identification:_identify(log) by extensions ['ignore', 'ignore_ament_install']
[0.143s] Level 1:colcon.colcon_core.package_identification:_identify(log) by extension 'ignore'
[0.143s] Level 1:colcon.colcon_core.package_identification:_identify(log) ignored
[0.143s] Level 1:colcon.colcon_core.package_identification:_identify(moveit_cpp_planners) by extensions ['ignore', 'ignore_ament_install']
[0.143s] Level 1:colcon.colcon_core.package_identification:_identify(moveit_cpp_planners) by extension 'ignore'
[0.143s] Level 1:colcon.colcon_core.package_identification:_identify(moveit_cpp_planners) by extension 'ignore_ament_install'
[0.143s] Level 1:colcon.colcon_core.package_identification:_identify(moveit_cpp_planners) by extensions ['colcon_pkg']
[0.143s] Level 1:colcon.colcon_core.package_identification:_identify(moveit_cpp_planners) by extension 'colcon_pkg'
[0.143s] Level 1:colcon.colcon_core.package_identification:_identify(moveit_cpp_planners) by extensions ['colcon_meta']
[0.143s] Level 1:colcon.colcon_core.package_identification:_identify(moveit_cpp_planners) by extension 'colcon_meta'
[0.144s] Level 1:colcon.colcon_core.package_identification:_identify(moveit_cpp_planners) by extensions ['ros']
[0.144s] Level 1:colcon.colcon_core.package_identification:_identify(moveit_cpp_planners) by extension 'ros'
[0.148s] DEBUG:colcon.colcon_core.package_identification:Package 'moveit_cpp_planners' with type 'ros.ament_cmake' and name 'moveit_cpp_planners'
[0.148s] Level 1:colcon.colcon_core.package_identification:_identify(src) by extensions ['ignore', 'ignore_ament_install']
[0.148s] Level 1:colcon.colcon_core.package_identification:_identify(src) by extension 'ignore'
[0.148s] Level 1:colcon.colcon_core.package_identification:_identify(src) by extension 'ignore_ament_install'
[0.148s] Level 1:colcon.colcon_core.package_identification:_identify(src) by extensions ['colcon_pkg']
[0.148s] Level 1:colcon.colcon_core.package_identification:_identify(src) by extension 'colcon_pkg'
[0.148s] Level 1:colcon.colcon_core.package_identification:_identify(src) by extensions ['colcon_meta']
[0.148s] Level 1:colcon.colcon_core.package_identification:_identify(src) by extension 'colcon_meta'
[0.148s] Level 1:colcon.colcon_core.package_identification:_identify(src) by extensions ['ros']
[0.148s] Level 1:colcon.colcon_core.package_identification:_identify(src) by extension 'ros'
[0.148s] Level 1:colcon.colcon_core.package_identification:_identify(src) by extensions ['cmake', 'python']
[0.148s] Level 1:colcon.colcon_core.package_identification:_identify(src) by extension 'cmake'
[0.148s] Level 1:colcon.colcon_core.package_identification:_identify(src) by extension 'python'
[0.148s] Level 1:colcon.colcon_core.package_identification:_identify(src) by extensions ['python_setup_py']
[0.148s] Level 1:colcon.colcon_core.package_identification:_identify(src) by extension 'python_setup_py'
[0.148s] Level 1:colcon.colcon_core.package_identification:_identify(src/ur_py_control) by extensions ['ignore', 'ignore_ament_install']
[0.149s] Level 1:colcon.colcon_core.package_identification:_identify(src/ur_py_control) by extension 'ignore'
[0.149s] Level 1:colcon.colcon_core.package_identification:_identify(src/ur_py_control) by extension 'ignore_ament_install'
[0.149s] Level 1:colcon.colcon_core.package_identification:_identify(src/ur_py_control) by extensions ['colcon_pkg']
[0.149s] Level 1:colcon.colcon_core.package_identification:_identify(src/ur_py_control) by extension 'colcon_pkg'
[0.149s] Level 1:colcon.colcon_core.package_identification:_identify(src/ur_py_control) by extensions ['colcon_meta']
[0.149s] Level 1:colcon.colcon_core.package_identification:_identify(src/ur_py_control) by extension 'colcon_meta'
[0.149s] Level 1:colcon.colcon_core.package_identification:_identify(src/ur_py_control) by extensions ['ros']
[0.149s] Level 1:colcon.colcon_core.package_identification:_identify(src/ur_py_control) by extension 'ros'
[0.149s] DEBUG:colcon.colcon_core.package_identification:Package 'src/ur_py_control' with type 'ros.ament_python' and name 'ur_py_control'
[0.149s] Level 1:colcon.colcon_core.package_discovery:discover_packages(recursive) using defaults
[0.149s] Level 1:colcon.colcon_core.package_discovery:discover_packages(ignore) discover
[0.149s] Level 1:colcon.colcon_core.package_discovery:discover_packages(ignore) using defaults
[0.149s] Level 1:colcon.colcon_core.package_discovery:discover_packages(path) discover
[0.149s] Level 1:colcon.colcon_core.package_discovery:discover_packages(path) using defaults
[0.162s] INFO:colcon.colcon_core.package_selection:Skipping not selected package 'moveit_cpp_planners' in 'moveit_cpp_planners'
[0.162s] Level 5:colcon.colcon_core.verb:set package 'ur_py_control' build argument 'cmake_args' from command line to 'None'
[0.162s] Level 5:colcon.colcon_core.verb:set package 'ur_py_control' build argument 'cmake_target' from command line to 'None'
[0.162s] Level 5:colcon.colcon_core.verb:set package 'ur_py_control' build argument 'cmake_target_skip_unavailable' from command line to 'False'
[0.162s] Level 5:colcon.colcon_core.verb:set package 'ur_py_control' build argument 'cmake_clean_cache' from command line to 'False'
[0.162s] Level 5:colcon.colcon_core.verb:set package 'ur_py_control' build argument 'cmake_clean_first' from command line to 'False'
[0.162s] Level 5:colcon.colcon_core.verb:set package 'ur_py_control' build argument 'cmake_force_configure' from command line to 'False'
[0.162s] Level 5:colcon.colcon_core.verb:set package 'ur_py_control' build argument 'ament_cmake_args' from command line to 'None'
[0.162s] Level 5:colcon.colcon_core.verb:set package 'ur_py_control' build argument 'catkin_cmake_args' from command line to 'None'
[0.162s] Level 5:colcon.colcon_core.verb:set package 'ur_py_control' build argument 'catkin_skip_building_tests' from command line to 'False'
[0.162s] DEBUG:colcon.colcon_core.verb:Building package 'ur_py_control' with the following arguments: {'ament_cmake_args': None, 'build_base': '/root/Shared/moveit_ws/src/build/ur_py_control', 'catkin_cmake_args': None, 'catkin_skip_building_tests': False, 'cmake_args': None, 'cmake_clean_cache': False, 'cmake_clean_first': False, 'cmake_force_configure': False, 'cmake_target': None, 'cmake_target_skip_unavailable': False, 'install_base': '/root/Shared/moveit_ws/src/install/ur_py_control', 'merge_install': False, 'path': '/root/Shared/moveit_ws/src/src/ur_py_control', 'symlink_install': False, 'test_result_base': None}
[0.163s] INFO:colcon.colcon_core.executor:Executing jobs using 'parallel' executor
[0.164s] DEBUG:colcon.colcon_parallel_executor.executor.parallel:run_until_complete
[0.164s] INFO:colcon.colcon_ros.task.ament_python.build:Building ROS package in '/root/Shared/moveit_ws/src/src/ur_py_control' with build type 'ament_python'
[0.164s] Level 1:colcon.colcon_core.shell:create_environment_hook('ur_py_control', 'ament_prefix_path')
[0.166s] INFO:colcon.colcon_core.plugin_system:Skipping extension 'colcon_core.shell.bat': Not used on non-Windows systems
[0.166s] INFO:colcon.colcon_core.shell:Creating environment hook '/root/Shared/moveit_ws/src/install/ur_py_control/share/ur_py_control/hook/ament_prefix_path.ps1'
[0.168s] INFO:colcon.colcon_core.shell:Creating environment descriptor '/root/Shared/moveit_ws/src/install/ur_py_control/share/ur_py_control/hook/ament_prefix_path.dsv'
[0.168s] INFO:colcon.colcon_core.shell:Creating environment hook '/root/Shared/moveit_ws/src/install/ur_py_control/share/ur_py_control/hook/ament_prefix_path.sh'
[0.168s] INFO:colcon.colcon_core.shell:Skip shell extension 'powershell' for command environment: Not usable outside of PowerShell
[0.168s] DEBUG:colcon.colcon_core.shell:Skip shell extension 'dsv' for command environment
[0.331s] INFO:colcon.colcon_core.task.python.build:Building Python package in '/root/Shared/moveit_ws/src/src/ur_py_control'
[0.331s] INFO:colcon.colcon_core.shell:Skip shell extension 'powershell' for command environment: Not usable outside of PowerShell
[0.331s] DEBUG:colcon.colcon_core.shell:Skip shell extension 'dsv' for command environment
[0.864s] DEBUG:colcon.colcon_core.event_handler.log_command:Invoking command in '/root/Shared/moveit_ws/src/src/ur_py_control': PYTHONPATH=/root/Shared/moveit_ws/src/build/ur_py_control/prefix_override:/usr/lib/python3/dist-packages/colcon_core/task/python/colcon_distutils_commands:/root/Shared/moveit_ws/src/install/ur_py_control/lib/python3.12/site-packages:${PYTHONPATH} /usr/bin/python3 -W ignore:setup.py install is deprecated -W ignore:easy_install command is deprecated setup.py egg_info --egg-base ../../build/ur_py_control build --build-base /root/Shared/moveit_ws/src/build/ur_py_control/build install --record /root/Shared/moveit_ws/src/build/ur_py_control/install.log --single-version-externally-managed install_data
[1.278s] DEBUG:colcon.colcon_core.event_handler.log_command:Invoked command in '/root/Shared/moveit_ws/src/src/ur_py_control' returned '0': PYTHONPATH=/root/Shared/moveit_ws/src/build/ur_py_control/prefix_override:/usr/lib/python3/dist-packages/colcon_core/task/python/colcon_distutils_commands:/root/Shared/moveit_ws/src/install/ur_py_control/lib/python3.12/site-packages:${PYTHONPATH} /usr/bin/python3 -W ignore:setup.py install is deprecated -W ignore:easy_install command is deprecated setup.py egg_info --egg-base ../../build/ur_py_control build --build-base /root/Shared/moveit_ws/src/build/ur_py_control/build install --record /root/Shared/moveit_ws/src/build/ur_py_control/install.log --single-version-externally-managed install_data
[1.280s] Level 1:colcon.colcon_core.environment:checking '/root/Shared/moveit_ws/src/install/ur_py_control' for CMake module files
[1.281s] Level 1:colcon.colcon_core.environment:checking '/root/Shared/moveit_ws/src/install/ur_py_control' for CMake config files
[1.281s] Level 1:colcon.colcon_core.environment:checking '/root/Shared/moveit_ws/src/install/ur_py_control/lib'
[1.281s] Level 1:colcon.colcon_core.environment:checking '/root/Shared/moveit_ws/src/install/ur_py_control/bin'
[1.281s] Level 1:colcon.colcon_core.environment:checking '/root/Shared/moveit_ws/src/install/ur_py_control/lib/pkgconfig/ur_py_control.pc'
[1.281s] Level 1:colcon.colcon_core.environment:checking '/root/Shared/moveit_ws/src/install/ur_py_control/lib/python3.12/site-packages'
[1.282s] Level 1:colcon.colcon_core.shell:create_environment_hook('ur_py_control', 'pythonpath')
[1.282s] INFO:colcon.colcon_core.shell:Creating environment hook '/root/Shared/moveit_ws/src/install/ur_py_control/share/ur_py_control/hook/pythonpath.ps1'
[1.282s] INFO:colcon.colcon_core.shell:Creating environment descriptor '/root/Shared/moveit_ws/src/install/ur_py_control/share/ur_py_control/hook/pythonpath.dsv'
[1.282s] INFO:colcon.colcon_core.shell:Creating environment hook '/root/Shared/moveit_ws/src/install/ur_py_control/share/ur_py_control/hook/pythonpath.sh'
[1.283s] Level 1:colcon.colcon_core.environment:checking '/root/Shared/moveit_ws/src/install/ur_py_control/bin'
[1.283s] Level 1:colcon.colcon_core.environment:create_environment_scripts_only(ur_py_control)
[1.283s] INFO:colcon.colcon_core.shell:Creating package script '/root/Shared/moveit_ws/src/install/ur_py_control/share/ur_py_control/package.ps1'
[1.283s] INFO:colcon.colcon_core.shell:Creating package descriptor '/root/Shared/moveit_ws/src/install/ur_py_control/share/ur_py_control/package.dsv'
[1.283s] INFO:colcon.colcon_core.shell:Creating package script '/root/Shared/moveit_ws/src/install/ur_py_control/share/ur_py_control/package.sh'
[1.284s] INFO:colcon.colcon_core.shell:Creating package script '/root/Shared/moveit_ws/src/install/ur_py_control/share/ur_py_control/package.bash'
[1.284s] INFO:colcon.colcon_core.shell:Creating package script '/root/Shared/moveit_ws/src/install/ur_py_control/share/ur_py_control/package.zsh'
[1.285s] Level 1:colcon.colcon_core.environment:create_file_with_runtime_dependencies(/root/Shared/moveit_ws/src/install/ur_py_control/share/colcon-core/packages/ur_py_control)
[1.285s] DEBUG:colcon.colcon_parallel_executor.executor.parallel:closing loop
[1.285s] DEBUG:colcon.colcon_parallel_executor.executor.parallel:loop closed
[1.285s] DEBUG:colcon.colcon_parallel_executor.executor.parallel:run_until_complete finished with '0'
[1.285s] DEBUG:colcon.colcon_core.event_reactor:joining thread
[1.289s] INFO:colcon.colcon_core.plugin_system:Skipping extension 'colcon_notification.desktop_notification.notify_send': Could not find 'notify-send'
[1.289s] INFO:colcon.colcon_core.plugin_system:Skipping extension 'colcon_notification.desktop_notification.terminal_notifier': Not used on non-Darwin systems
[1.289s] INFO:colcon.colcon_core.plugin_system:Skipping extension 'colcon_notification.desktop_notification.win32': Not used on non-Windows systems
[1.289s] INFO:colcon.colcon_notification.desktop_notification:Sending desktop notification using 'notify2'
[1.292s] DEBUG:colcon.colcon_notification.desktop_notification.notify2:Failed to initialize notify2: org.freedesktop.DBus.Error.Spawn.ExecFailed: /usr/bin/dbus-launch terminated abnormally without any error message
[1.292s] DEBUG:colcon.colcon_core.event_reactor:joined thread
[1.292s] INFO:colcon.colcon_core.shell:Creating prefix script '/root/Shared/moveit_ws/src/install/local_setup.ps1'
[1.293s] INFO:colcon.colcon_core.shell:Creating prefix util module '/root/Shared/moveit_ws/src/install/_local_setup_util_ps1.py'
[1.294s] INFO:colcon.colcon_core.shell:Creating prefix chain script '/root/Shared/moveit_ws/src/install/setup.ps1'
[1.296s] INFO:colcon.colcon_core.shell:Creating prefix script '/root/Shared/moveit_ws/src/install/local_setup.sh'
[1.297s] INFO:colcon.colcon_core.shell:Creating prefix util module '/root/Shared/moveit_ws/src/install/_local_setup_util_sh.py'
[1.297s] INFO:colcon.colcon_core.shell:Creating prefix chain script '/root/Shared/moveit_ws/src/install/setup.sh'
[1.298s] INFO:colcon.colcon_core.shell:Creating prefix script '/root/Shared/moveit_ws/src/install/local_setup.bash'
[1.298s] INFO:colcon.colcon_core.shell:Creating prefix chain script '/root/Shared/moveit_ws/src/install/setup.bash'
[1.298s] INFO:colcon.colcon_core.shell:Creating prefix script '/root/Shared/moveit_ws/src/install/local_setup.zsh'
[1.299s] INFO:colcon.colcon_core.shell:Creating prefix chain script '/root/Shared/moveit_ws/src/install/setup.zsh'
